{"/Users/danielkov/projects/react-ikonate/generated/Activity.tsx": {"path":"/Users/danielkov/projects/react-ikonate/generated/Activity.tsx","statementMap":{"0":{"start":{"line":1,"column":0},"end":{"line":1,"column":31}},"1":{"start":{"line":2,"column":0},"end":{"line":2,"column":66}},"2":{"start":{"line":3,"column":13},"end":{"line":7,"column":3}},"3":{"start":{"line":4,"column":16},"end":{"line":4,"column":48}},"4":{"start":{"line":5,"column":21},"end":{"line":5,"column":44}},"5":{"start":{"line":6,"column":2},"end":{"line":6,"column":468}}},"fnMap":{"0":{"name":"(anonymous_2)","decl":{"start":{"line":3,"column":87},"end":{"line":3,"column":88}},"loc":{"start":{"line":3,"column":158},"end":{"line":7,"column":1}}}},"branchMap":{},"s":{"0":1,"1":1,"2":1,"3":6,"4":6,"5":6},"f":{"0":6},"b":{}}
,"/Users/danielkov/projects/react-ikonate/generated/Add.tsx": {"path":"/Users/danielkov/projects/react-ikonate/generated/Add.tsx","statementMap":{"0":{"start":{"line":1,"column":0},"end":{"line":1,"column":31}},"1":{"start":{"line":2,"column":0},"end":{"line":2,"column":66}},"2":{"start":{"line":3,"column":13},"end":{"line":7,"column":3}},"3":{"start":{"line":4,"column":16},"end":{"line":4,"column":48}},"4":{"start":{"line":5,"column":21},"end":{"line":5,"column":44}},"5":{"start":{"line":6,"column":2},"end":{"line":6,"column":438}}},"fnMap":{"0":{"name":"(anonymous_2)","decl":{"start":{"line":3,"column":82},"end":{"line":3,"column":83}},"loc":{"start":{"line":3,"column":153},"end":{"line":7,"column":1}}}},"branchMap":{},"s":{"0":1,"1":1,"2":1,"3":6,"4":6,"5":6},"f":{"0":6},"b":{}}
,"/Users/danielkov/projects/react-ikonate/generated/Alarm.tsx": {"path":"/Users/danielkov/projects/react-ikonate/generated/Alarm.tsx","statementMap":{"0":{"start":{"line":1,"column":0},"end":{"line":1,"column":31}},"1":{"start":{"line":2,"column":0},"end":{"line":2,"column":66}},"2":{"start":{"line":3,"column":13},"end":{"line":7,"column":3}},"3":{"start":{"line":4,"column":16},"end":{"line":4,"column":48}},"4":{"start":{"line":5,"column":21},"end":{"line":5,"column":44}},"5":{"start":{"line":6,"column":2},"end":{"line":6,"column":485}}},"fnMap":{"0":{"name":"(anonymous_2)","decl":{"start":{"line":3,"column":84},"end":{"line":3,"column":85}},"loc":{"start":{"line":3,"column":155},"end":{"line":7,"column":1}}}},"branchMap":{},"s":{"0":1,"1":1,"2":1,"3":6,"4":6,"5":6},"f":{"0":6},"b":{}}
,"/Users/danielkov/projects/react-ikonate/generated/AlignCenter.tsx": {"path":"/Users/danielkov/projects/react-ikonate/generated/AlignCenter.tsx","statementMap":{"0":{"start":{"line":1,"column":0},"end":{"line":1,"column":31}},"1":{"start":{"line":2,"column":0},"end":{"line":2,"column":66}},"2":{"start":{"line":3,"column":13},"end":{"line":7,"column":3}},"3":{"start":{"line":4,"column":16},"end":{"line":4,"column":48}},"4":{"start":{"line":5,"column":21},"end":{"line":5,"column":44}},"5":{"start":{"line":6,"column":2},"end":{"line":6,"column":494}}},"fnMap":{"0":{"name":"(anonymous_2)","decl":{"start":{"line":3,"column":90},"end":{"line":3,"column":91}},"loc":{"start":{"line":3,"column":161},"end":{"line":7,"column":1}}}},"branchMap":{},"s":{"0":1,"1":1,"2":1,"3":6,"4":6,"5":6},"f":{"0":6},"b":{}}
,"/Users/danielkov/projects/react-ikonate/generated/AlignLeft.tsx": {"path":"/Users/danielkov/projects/react-ikonate/generated/AlignLeft.tsx","statementMap":{"0":{"start":{"line":1,"column":0},"end":{"line":1,"column":31}},"1":{"start":{"line":2,"column":0},"end":{"line":2,"column":66}},"2":{"start":{"line":3,"column":13},"end":{"line":7,"column":3}},"3":{"start":{"line":4,"column":16},"end":{"line":4,"column":48}},"4":{"start":{"line":5,"column":21},"end":{"line":5,"column":44}},"5":{"start":{"line":6,"column":2},"end":{"line":6,"column":481}}},"fnMap":{"0":{"name":"(anonymous_2)","decl":{"start":{"line":3,"column":88},"end":{"line":3,"column":89}},"loc":{"start":{"line":3,"column":159},"end":{"line":7,"column":1}}}},"branchMap":{},"s":{"0":1,"1":1,"2":1,"3":6,"4":6,"5":6},"f":{"0":6},"b":{}}
,"/Users/danielkov/projects/react-ikonate/generated/AlignRight.tsx": {"path":"/Users/danielkov/projects/react-ikonate/generated/AlignRight.tsx","statementMap":{"0":{"start":{"line":1,"column":0},"end":{"line":1,"column":31}},"1":{"start":{"line":2,"column":0},"end":{"line":2,"column":66}},"2":{"start":{"line":3,"column":13},"end":{"line":7,"column":3}},"3":{"start":{"line":4,"column":16},"end":{"line":4,"column":48}},"4":{"start":{"line":5,"column":21},"end":{"line":5,"column":44}},"5":{"start":{"line":6,"column":2},"end":{"line":6,"column":487}}},"fnMap":{"0":{"name":"(anonymous_2)","decl":{"start":{"line":3,"column":89},"end":{"line":3,"column":90}},"loc":{"start":{"line":3,"column":160},"end":{"line":7,"column":1}}}},"branchMap":{},"s":{"0":1,"1":1,"2":1,"3":6,"4":6,"5":6},"f":{"0":6},"b":{}}
,"/Users/danielkov/projects/react-ikonate/generated/Anchor.tsx": {"path":"/Users/danielkov/projects/react-ikonate/generated/Anchor.tsx","statementMap":{"0":{"start":{"line":1,"column":0},"end":{"line":1,"column":31}},"1":{"start":{"line":2,"column":0},"end":{"line":2,"column":66}},"2":{"start":{"line":3,"column":13},"end":{"line":7,"column":3}},"3":{"start":{"line":4,"column":16},"end":{"line":4,"column":48}},"4":{"start":{"line":5,"column":21},"end":{"line":5,"column":44}},"5":{"start":{"line":6,"column":2},"end":{"line":6,"column":507}}},"fnMap":{"0":{"name":"(anonymous_2)","decl":{"start":{"line":3,"column":85},"end":{"line":3,"column":86}},"loc":{"start":{"line":3,"column":156},"end":{"line":7,"column":1}}}},"branchMap":{},"s":{"0":1,"1":1,"2":1,"3":6,"4":6,"5":6},"f":{"0":6},"b":{}}
,"/Users/danielkov/projects/react-ikonate/generated/Aperture.tsx": {"path":"/Users/danielkov/projects/react-ikonate/generated/Aperture.tsx","statementMap":{"0":{"start":{"line":1,"column":0},"end":{"line":1,"column":31}},"1":{"start":{"line":2,"column":0},"end":{"line":2,"column":66}},"2":{"start":{"line":3,"column":13},"end":{"line":7,"column":3}},"3":{"start":{"line":4,"column":16},"end":{"line":4,"column":48}},"4":{"start":{"line":5,"column":21},"end":{"line":5,"column":44}},"5":{"start":{"line":6,"column":2},"end":{"line":6,"column":649}}},"fnMap":{"0":{"name":"(anonymous_2)","decl":{"start":{"line":3,"column":87},"end":{"line":3,"column":88}},"loc":{"start":{"line":3,"column":158},"end":{"line":7,"column":1}}}},"branchMap":{},"s":{"0":1,"1":1,"2":1,"3":6,"4":6,"5":6},"f":{"0":6},"b":{}}
,"/Users/danielkov/projects/react-ikonate/generated/ArrowDown.tsx": {"path":"/Users/danielkov/projects/react-ikonate/generated/ArrowDown.tsx","statementMap":{"0":{"start":{"line":1,"column":0},"end":{"line":1,"column":31}},"1":{"start":{"line":2,"column":0},"end":{"line":2,"column":66}},"2":{"start":{"line":3,"column":13},"end":{"line":7,"column":3}},"3":{"start":{"line":4,"column":16},"end":{"line":4,"column":48}},"4":{"start":{"line":5,"column":21},"end":{"line":5,"column":44}},"5":{"start":{"line":6,"column":2},"end":{"line":6,"column":482}}},"fnMap":{"0":{"name":"(anonymous_2)","decl":{"start":{"line":3,"column":88},"end":{"line":3,"column":89}},"loc":{"start":{"line":3,"column":159},"end":{"line":7,"column":1}}}},"branchMap":{},"s":{"0":1,"1":1,"2":1,"3":6,"4":6,"5":6},"f":{"0":6},"b":{}}
,"/Users/danielkov/projects/react-ikonate/generated/ArrowLeft.tsx": {"path":"/Users/danielkov/projects/react-ikonate/generated/ArrowLeft.tsx","statementMap":{"0":{"start":{"line":1,"column":0},"end":{"line":1,"column":31}},"1":{"start":{"line":2,"column":0},"end":{"line":2,"column":66}},"2":{"start":{"line":3,"column":13},"end":{"line":7,"column":3}},"3":{"start":{"line":4,"column":16},"end":{"line":4,"column":48}},"4":{"start":{"line":5,"column":21},"end":{"line":5,"column":44}},"5":{"start":{"line":6,"column":2},"end":{"line":6,"column":480}}},"fnMap":{"0":{"name":"(anonymous_2)","decl":{"start":{"line":3,"column":88},"end":{"line":3,"column":89}},"loc":{"start":{"line":3,"column":159},"end":{"line":7,"column":1}}}},"branchMap":{},"s":{"0":1,"1":1,"2":1,"3":6,"4":6,"5":6},"f":{"0":6},"b":{}}
,"/Users/danielkov/projects/react-ikonate/generated/ArrowLeftBottom.tsx": {"path":"/Users/danielkov/projects/react-ikonate/generated/ArrowLeftBottom.tsx","statementMap":{"0":{"start":{"line":1,"column":0},"end":{"line":1,"column":31}},"1":{"start":{"line":2,"column":0},"end":{"line":2,"column":66}},"2":{"start":{"line":3,"column":13},"end":{"line":7,"column":3}},"3":{"start":{"line":4,"column":16},"end":{"line":4,"column":48}},"4":{"start":{"line":5,"column":21},"end":{"line":5,"column":44}},"5":{"start":{"line":6,"column":2},"end":{"line":6,"column":543}}},"fnMap":{"0":{"name":"(anonymous_2)","decl":{"start":{"line":3,"column":94},"end":{"line":3,"column":95}},"loc":{"start":{"line":3,"column":165},"end":{"line":7,"column":1}}}},"branchMap":{},"s":{"0":1,"1":1,"2":1,"3":6,"4":6,"5":6},"f":{"0":6},"b":{}}
,"/Users/danielkov/projects/react-ikonate/generated/ArrowLeftTop.tsx": {"path":"/Users/danielkov/projects/react-ikonate/generated/ArrowLeftTop.tsx","statementMap":{"0":{"start":{"line":1,"column":0},"end":{"line":1,"column":31}},"1":{"start":{"line":2,"column":0},"end":{"line":2,"column":66}},"2":{"start":{"line":3,"column":13},"end":{"line":7,"column":3}},"3":{"start":{"line":4,"column":16},"end":{"line":4,"column":48}},"4":{"start":{"line":5,"column":21},"end":{"line":5,"column":44}},"5":{"start":{"line":6,"column":2},"end":{"line":6,"column":500}}},"fnMap":{"0":{"name":"(anonymous_2)","decl":{"start":{"line":3,"column":91},"end":{"line":3,"column":92}},"loc":{"start":{"line":3,"column":162},"end":{"line":7,"column":1}}}},"branchMap":{},"s":{"0":1,"1":1,"2":1,"3":6,"4":6,"5":6},"f":{"0":6},"b":{}}
,"/Users/danielkov/projects/react-ikonate/generated/ArrowRight.tsx": {"path":"/Users/danielkov/projects/react-ikonate/generated/ArrowRight.tsx","statementMap":{"0":{"start":{"line":1,"column":0},"end":{"line":1,"column":31}},"1":{"start":{"line":2,"column":0},"end":{"line":2,"column":66}},"2":{"start":{"line":3,"column":13},"end":{"line":7,"column":3}},"3":{"start":{"line":4,"column":16},"end":{"line":4,"column":48}},"4":{"start":{"line":5,"column":21},"end":{"line":5,"column":44}},"5":{"start":{"line":6,"column":2},"end":{"line":6,"column":491}}},"fnMap":{"0":{"name":"(anonymous_2)","decl":{"start":{"line":3,"column":89},"end":{"line":3,"column":90}},"loc":{"start":{"line":3,"column":160},"end":{"line":7,"column":1}}}},"branchMap":{},"s":{"0":1,"1":1,"2":1,"3":6,"4":6,"5":6},"f":{"0":6},"b":{}}
,"/Users/danielkov/projects/react-ikonate/generated/ArrowRightBottom.tsx": {"path":"/Users/danielkov/projects/react-ikonate/generated/ArrowRightBottom.tsx","statementMap":{"0":{"start":{"line":1,"column":0},"end":{"line":1,"column":31}},"1":{"start":{"line":2,"column":0},"end":{"line":2,"column":66}},"2":{"start":{"line":3,"column":13},"end":{"line":7,"column":3}},"3":{"start":{"line":4,"column":16},"end":{"line":4,"column":48}},"4":{"start":{"line":5,"column":21},"end":{"line":5,"column":44}},"5":{"start":{"line":6,"column":2},"end":{"line":6,"column":553}}},"fnMap":{"0":{"name":"(anonymous_2)","decl":{"start":{"line":3,"column":95},"end":{"line":3,"column":96}},"loc":{"start":{"line":3,"column":166},"end":{"line":7,"column":1}}}},"branchMap":{},"s":{"0":1,"1":1,"2":1,"3":6,"4":6,"5":6},"f":{"0":6},"b":{}}
,"/Users/danielkov/projects/react-ikonate/generated/ArrowRightTop.tsx": {"path":"/Users/danielkov/projects/react-ikonate/generated/ArrowRightTop.tsx","statementMap":{"0":{"start":{"line":1,"column":0},"end":{"line":1,"column":31}},"1":{"start":{"line":2,"column":0},"end":{"line":2,"column":66}},"2":{"start":{"line":3,"column":13},"end":{"line":7,"column":3}},"3":{"start":{"line":4,"column":16},"end":{"line":4,"column":48}},"4":{"start":{"line":5,"column":21},"end":{"line":5,"column":44}},"5":{"start":{"line":6,"column":2},"end":{"line":6,"column":534}}},"fnMap":{"0":{"name":"(anonymous_2)","decl":{"start":{"line":3,"column":92},"end":{"line":3,"column":93}},"loc":{"start":{"line":3,"column":163},"end":{"line":7,"column":1}}}},"branchMap":{},"s":{"0":1,"1":1,"2":1,"3":6,"4":6,"5":6},"f":{"0":6},"b":{}}
,"/Users/danielkov/projects/react-ikonate/generated/ArrowUp.tsx": {"path":"/Users/danielkov/projects/react-ikonate/generated/ArrowUp.tsx","statementMap":{"0":{"start":{"line":1,"column":0},"end":{"line":1,"column":31}},"1":{"start":{"line":2,"column":0},"end":{"line":2,"column":66}},"2":{"start":{"line":3,"column":13},"end":{"line":7,"column":3}},"3":{"start":{"line":4,"column":16},"end":{"line":4,"column":48}},"4":{"start":{"line":5,"column":21},"end":{"line":5,"column":44}},"5":{"start":{"line":6,"column":2},"end":{"line":6,"column":468}}},"fnMap":{"0":{"name":"(anonymous_2)","decl":{"start":{"line":3,"column":86},"end":{"line":3,"column":87}},"loc":{"start":{"line":3,"column":157},"end":{"line":7,"column":1}}}},"branchMap":{},"s":{"0":1,"1":1,"2":1,"3":6,"4":6,"5":6},"f":{"0":6},"b":{}}
,"/Users/danielkov/projects/react-ikonate/generated/Back.tsx": {"path":"/Users/danielkov/projects/react-ikonate/generated/Back.tsx","statementMap":{"0":{"start":{"line":1,"column":0},"end":{"line":1,"column":31}},"1":{"start":{"line":2,"column":0},"end":{"line":2,"column":66}},"2":{"start":{"line":3,"column":13},"end":{"line":7,"column":3}},"3":{"start":{"line":4,"column":16},"end":{"line":4,"column":48}},"4":{"start":{"line":5,"column":21},"end":{"line":5,"column":44}},"5":{"start":{"line":6,"column":2},"end":{"line":6,"column":487}}},"fnMap":{"0":{"name":"(anonymous_2)","decl":{"start":{"line":3,"column":83},"end":{"line":3,"column":84}},"loc":{"start":{"line":3,"column":154},"end":{"line":7,"column":1}}}},"branchMap":{},"s":{"0":1,"1":1,"2":1,"3":6,"4":6,"5":6},"f":{"0":6},"b":{}}
,"/Users/danielkov/projects/react-ikonate/generated/BackAlt.tsx": {"path":"/Users/danielkov/projects/react-ikonate/generated/BackAlt.tsx","statementMap":{"0":{"start":{"line":1,"column":0},"end":{"line":1,"column":31}},"1":{"start":{"line":2,"column":0},"end":{"line":2,"column":66}},"2":{"start":{"line":3,"column":13},"end":{"line":7,"column":3}},"3":{"start":{"line":4,"column":16},"end":{"line":4,"column":48}},"4":{"start":{"line":5,"column":21},"end":{"line":5,"column":44}},"5":{"start":{"line":6,"column":2},"end":{"line":6,"column":414}}},"fnMap":{"0":{"name":"(anonymous_2)","decl":{"start":{"line":3,"column":86},"end":{"line":3,"column":87}},"loc":{"start":{"line":3,"column":157},"end":{"line":7,"column":1}}}},"branchMap":{},"s":{"0":1,"1":1,"2":1,"3":6,"4":6,"5":6},"f":{"0":6},"b":{}}
,"/Users/danielkov/projects/react-ikonate/generated/BackLeft.tsx": {"path":"/Users/danielkov/projects/react-ikonate/generated/BackLeft.tsx","statementMap":{"0":{"start":{"line":1,"column":0},"end":{"line":1,"column":31}},"1":{"start":{"line":2,"column":0},"end":{"line":2,"column":66}},"2":{"start":{"line":3,"column":13},"end":{"line":7,"column":3}},"3":{"start":{"line":4,"column":16},"end":{"line":4,"column":48}},"4":{"start":{"line":5,"column":21},"end":{"line":5,"column":44}},"5":{"start":{"line":6,"column":2},"end":{"line":6,"column":552}}},"fnMap":{"0":{"name":"(anonymous_2)","decl":{"start":{"line":3,"column":87},"end":{"line":3,"column":88}},"loc":{"start":{"line":3,"column":158},"end":{"line":7,"column":1}}}},"branchMap":{},"s":{"0":1,"1":1,"2":1,"3":6,"4":6,"5":6},"f":{"0":6},"b":{}}
,"/Users/danielkov/projects/react-ikonate/generated/BackRight.tsx": {"path":"/Users/danielkov/projects/react-ikonate/generated/BackRight.tsx","statementMap":{"0":{"start":{"line":1,"column":0},"end":{"line":1,"column":31}},"1":{"start":{"line":2,"column":0},"end":{"line":2,"column":66}},"2":{"start":{"line":3,"column":13},"end":{"line":7,"column":3}},"3":{"start":{"line":4,"column":16},"end":{"line":4,"column":48}},"4":{"start":{"line":5,"column":21},"end":{"line":5,"column":44}},"5":{"start":{"line":6,"column":2},"end":{"line":6,"column":561}}},"fnMap":{"0":{"name":"(anonymous_2)","decl":{"start":{"line":3,"column":88},"end":{"line":3,"column":89}},"loc":{"start":{"line":3,"column":159},"end":{"line":7,"column":1}}}},"branchMap":{},"s":{"0":1,"1":1,"2":1,"3":6,"4":6,"5":6},"f":{"0":6},"b":{}}
,"/Users/danielkov/projects/react-ikonate/generated/Bag.tsx": {"path":"/Users/danielkov/projects/react-ikonate/generated/Bag.tsx","statementMap":{"0":{"start":{"line":1,"column":0},"end":{"line":1,"column":31}},"1":{"start":{"line":2,"column":0},"end":{"line":2,"column":66}},"2":{"start":{"line":3,"column":13},"end":{"line":7,"column":3}},"3":{"start":{"line":4,"column":16},"end":{"line":4,"column":48}},"4":{"start":{"line":5,"column":21},"end":{"line":5,"column":44}},"5":{"start":{"line":6,"column":2},"end":{"line":6,"column":426}}},"fnMap":{"0":{"name":"(anonymous_2)","decl":{"start":{"line":3,"column":82},"end":{"line":3,"column":83}},"loc":{"start":{"line":3,"column":153},"end":{"line":7,"column":1}}}},"branchMap":{},"s":{"0":1,"1":1,"2":1,"3":6,"4":6,"5":6},"f":{"0":6},"b":{}}
,"/Users/danielkov/projects/react-ikonate/generated/Basket.tsx": {"path":"/Users/danielkov/projects/react-ikonate/generated/Basket.tsx","statementMap":{"0":{"start":{"line":1,"column":0},"end":{"line":1,"column":31}},"1":{"start":{"line":2,"column":0},"end":{"line":2,"column":66}},"2":{"start":{"line":3,"column":13},"end":{"line":7,"column":3}},"3":{"start":{"line":4,"column":16},"end":{"line":4,"column":48}},"4":{"start":{"line":5,"column":21},"end":{"line":5,"column":44}},"5":{"start":{"line":6,"column":2},"end":{"line":6,"column":475}}},"fnMap":{"0":{"name":"(anonymous_2)","decl":{"start":{"line":3,"column":85},"end":{"line":3,"column":86}},"loc":{"start":{"line":3,"column":156},"end":{"line":7,"column":1}}}},"branchMap":{},"s":{"0":1,"1":1,"2":1,"3":6,"4":6,"5":6},"f":{"0":6},"b":{}}
,"/Users/danielkov/projects/react-ikonate/generated/Battery.tsx": {"path":"/Users/danielkov/projects/react-ikonate/generated/Battery.tsx","statementMap":{"0":{"start":{"line":1,"column":0},"end":{"line":1,"column":31}},"1":{"start":{"line":2,"column":0},"end":{"line":2,"column":66}},"2":{"start":{"line":3,"column":13},"end":{"line":7,"column":3}},"3":{"start":{"line":4,"column":16},"end":{"line":4,"column":48}},"4":{"start":{"line":5,"column":21},"end":{"line":5,"column":44}},"5":{"start":{"line":6,"column":2},"end":{"line":6,"column":416}}},"fnMap":{"0":{"name":"(anonymous_2)","decl":{"start":{"line":3,"column":86},"end":{"line":3,"column":87}},"loc":{"start":{"line":3,"column":157},"end":{"line":7,"column":1}}}},"branchMap":{},"s":{"0":1,"1":1,"2":1,"3":6,"4":6,"5":6},"f":{"0":6},"b":{}}
,"/Users/danielkov/projects/react-ikonate/generated/BatteryAlt.tsx": {"path":"/Users/danielkov/projects/react-ikonate/generated/BatteryAlt.tsx","statementMap":{"0":{"start":{"line":1,"column":0},"end":{"line":1,"column":31}},"1":{"start":{"line":2,"column":0},"end":{"line":2,"column":66}},"2":{"start":{"line":3,"column":13},"end":{"line":7,"column":3}},"3":{"start":{"line":4,"column":16},"end":{"line":4,"column":48}},"4":{"start":{"line":5,"column":21},"end":{"line":5,"column":44}},"5":{"start":{"line":6,"column":2},"end":{"line":6,"column":448}}},"fnMap":{"0":{"name":"(anonymous_2)","decl":{"start":{"line":3,"column":89},"end":{"line":3,"column":90}},"loc":{"start":{"line":3,"column":160},"end":{"line":7,"column":1}}}},"branchMap":{},"s":{"0":1,"1":1,"2":1,"3":6,"4":6,"5":6},"f":{"0":6},"b":{}}
,"/Users/danielkov/projects/react-ikonate/generated/BatteryCharging.tsx": {"path":"/Users/danielkov/projects/react-ikonate/generated/BatteryCharging.tsx","statementMap":{"0":{"start":{"line":1,"column":0},"end":{"line":1,"column":31}},"1":{"start":{"line":2,"column":0},"end":{"line":2,"column":66}},"2":{"start":{"line":3,"column":13},"end":{"line":7,"column":3}},"3":{"start":{"line":4,"column":16},"end":{"line":4,"column":48}},"4":{"start":{"line":5,"column":21},"end":{"line":5,"column":44}},"5":{"start":{"line":6,"column":2},"end":{"line":6,"column":519}}},"fnMap":{"0":{"name":"(anonymous_2)","decl":{"start":{"line":3,"column":94},"end":{"line":3,"column":95}},"loc":{"start":{"line":3,"column":165},"end":{"line":7,"column":1}}}},"branchMap":{},"s":{"0":1,"1":1,"2":1,"3":6,"4":6,"5":6},"f":{"0":6},"b":{}}
,"/Users/danielkov/projects/react-ikonate/generated/BatteryFull.tsx": {"path":"/Users/danielkov/projects/react-ikonate/generated/BatteryFull.tsx","statementMap":{"0":{"start":{"line":1,"column":0},"end":{"line":1,"column":31}},"1":{"start":{"line":2,"column":0},"end":{"line":2,"column":66}},"2":{"start":{"line":3,"column":13},"end":{"line":7,"column":3}},"3":{"start":{"line":4,"column":16},"end":{"line":4,"column":48}},"4":{"start":{"line":5,"column":21},"end":{"line":5,"column":44}},"5":{"start":{"line":6,"column":2},"end":{"line":6,"column":489}}},"fnMap":{"0":{"name":"(anonymous_2)","decl":{"start":{"line":3,"column":90},"end":{"line":3,"column":91}},"loc":{"start":{"line":3,"column":161},"end":{"line":7,"column":1}}}},"branchMap":{},"s":{"0":1,"1":1,"2":1,"3":6,"4":6,"5":6},"f":{"0":6},"b":{}}
,"/Users/danielkov/projects/react-ikonate/generated/BatteryLow.tsx": {"path":"/Users/danielkov/projects/react-ikonate/generated/BatteryLow.tsx","statementMap":{"0":{"start":{"line":1,"column":0},"end":{"line":1,"column":31}},"1":{"start":{"line":2,"column":0},"end":{"line":2,"column":66}},"2":{"start":{"line":3,"column":13},"end":{"line":7,"column":3}},"3":{"start":{"line":4,"column":16},"end":{"line":4,"column":48}},"4":{"start":{"line":5,"column":21},"end":{"line":5,"column":44}},"5":{"start":{"line":6,"column":2},"end":{"line":6,"column":465}}},"fnMap":{"0":{"name":"(anonymous_2)","decl":{"start":{"line":3,"column":89},"end":{"line":3,"column":90}},"loc":{"start":{"line":3,"column":160},"end":{"line":7,"column":1}}}},"branchMap":{},"s":{"0":1,"1":1,"2":1,"3":6,"4":6,"5":6},"f":{"0":6},"b":{}}
,"/Users/danielkov/projects/react-ikonate/generated/BatteryMedium.tsx": {"path":"/Users/danielkov/projects/react-ikonate/generated/BatteryMedium.tsx","statementMap":{"0":{"start":{"line":1,"column":0},"end":{"line":1,"column":31}},"1":{"start":{"line":2,"column":0},"end":{"line":2,"column":66}},"2":{"start":{"line":3,"column":13},"end":{"line":7,"column":3}},"3":{"start":{"line":4,"column":16},"end":{"line":4,"column":48}},"4":{"start":{"line":5,"column":21},"end":{"line":5,"column":44}},"5":{"start":{"line":6,"column":2},"end":{"line":6,"column":486}}},"fnMap":{"0":{"name":"(anonymous_2)","decl":{"start":{"line":3,"column":92},"end":{"line":3,"column":93}},"loc":{"start":{"line":3,"column":163},"end":{"line":7,"column":1}}}},"branchMap":{},"s":{"0":1,"1":1,"2":1,"3":6,"4":6,"5":6},"f":{"0":6},"b":{}}
,"/Users/danielkov/projects/react-ikonate/generated/Bell.tsx": {"path":"/Users/danielkov/projects/react-ikonate/generated/Bell.tsx","statementMap":{"0":{"start":{"line":1,"column":0},"end":{"line":1,"column":31}},"1":{"start":{"line":2,"column":0},"end":{"line":2,"column":66}},"2":{"start":{"line":3,"column":13},"end":{"line":7,"column":3}},"3":{"start":{"line":4,"column":16},"end":{"line":4,"column":48}},"4":{"start":{"line":5,"column":21},"end":{"line":5,"column":44}},"5":{"start":{"line":6,"column":2},"end":{"line":6,"column":873}}},"fnMap":{"0":{"name":"(anonymous_2)","decl":{"start":{"line":3,"column":83},"end":{"line":3,"column":84}},"loc":{"start":{"line":3,"column":154},"end":{"line":7,"column":1}}}},"branchMap":{},"s":{"0":1,"1":1,"2":1,"3":6,"4":6,"5":6},"f":{"0":6},"b":{}}
,"/Users/danielkov/projects/react-ikonate/generated/Bin.tsx": {"path":"/Users/danielkov/projects/react-ikonate/generated/Bin.tsx","statementMap":{"0":{"start":{"line":1,"column":0},"end":{"line":1,"column":31}},"1":{"start":{"line":2,"column":0},"end":{"line":2,"column":66}},"2":{"start":{"line":3,"column":13},"end":{"line":7,"column":3}},"3":{"start":{"line":4,"column":16},"end":{"line":4,"column":48}},"4":{"start":{"line":5,"column":21},"end":{"line":5,"column":44}},"5":{"start":{"line":6,"column":2},"end":{"line":6,"column":511}}},"fnMap":{"0":{"name":"(anonymous_2)","decl":{"start":{"line":3,"column":82},"end":{"line":3,"column":83}},"loc":{"start":{"line":3,"column":153},"end":{"line":7,"column":1}}}},"branchMap":{},"s":{"0":1,"1":1,"2":1,"3":6,"4":6,"5":6},"f":{"0":6},"b":{}}
,"/Users/danielkov/projects/react-ikonate/generated/Bluetooth.tsx": {"path":"/Users/danielkov/projects/react-ikonate/generated/Bluetooth.tsx","statementMap":{"0":{"start":{"line":1,"column":0},"end":{"line":1,"column":31}},"1":{"start":{"line":2,"column":0},"end":{"line":2,"column":66}},"2":{"start":{"line":3,"column":13},"end":{"line":7,"column":3}},"3":{"start":{"line":4,"column":16},"end":{"line":4,"column":48}},"4":{"start":{"line":5,"column":21},"end":{"line":5,"column":44}},"5":{"start":{"line":6,"column":2},"end":{"line":6,"column":450}}},"fnMap":{"0":{"name":"(anonymous_2)","decl":{"start":{"line":3,"column":88},"end":{"line":3,"column":89}},"loc":{"start":{"line":3,"column":159},"end":{"line":7,"column":1}}}},"branchMap":{},"s":{"0":1,"1":1,"2":1,"3":6,"4":6,"5":6},"f":{"0":6},"b":{}}
,"/Users/danielkov/projects/react-ikonate/generated/Bolt.tsx": {"path":"/Users/danielkov/projects/react-ikonate/generated/Bolt.tsx","statementMap":{"0":{"start":{"line":1,"column":0},"end":{"line":1,"column":31}},"1":{"start":{"line":2,"column":0},"end":{"line":2,"column":66}},"2":{"start":{"line":3,"column":13},"end":{"line":7,"column":3}},"3":{"start":{"line":4,"column":16},"end":{"line":4,"column":48}},"4":{"start":{"line":5,"column":21},"end":{"line":5,"column":44}},"5":{"start":{"line":6,"column":2},"end":{"line":6,"column":408}}},"fnMap":{"0":{"name":"(anonymous_2)","decl":{"start":{"line":3,"column":83},"end":{"line":3,"column":84}},"loc":{"start":{"line":3,"column":154},"end":{"line":7,"column":1}}}},"branchMap":{},"s":{"0":1,"1":1,"2":1,"3":6,"4":6,"5":6},"f":{"0":6},"b":{}}
,"/Users/danielkov/projects/react-ikonate/generated/Book.tsx": {"path":"/Users/danielkov/projects/react-ikonate/generated/Book.tsx","statementMap":{"0":{"start":{"line":1,"column":0},"end":{"line":1,"column":31}},"1":{"start":{"line":2,"column":0},"end":{"line":2,"column":66}},"2":{"start":{"line":3,"column":13},"end":{"line":7,"column":3}},"3":{"start":{"line":4,"column":16},"end":{"line":4,"column":48}},"4":{"start":{"line":5,"column":21},"end":{"line":5,"column":44}},"5":{"start":{"line":6,"column":2},"end":{"line":6,"column":448}}},"fnMap":{"0":{"name":"(anonymous_2)","decl":{"start":{"line":3,"column":83},"end":{"line":3,"column":84}},"loc":{"start":{"line":3,"column":154},"end":{"line":7,"column":1}}}},"branchMap":{},"s":{"0":1,"1":1,"2":1,"3":6,"4":6,"5":6},"f":{"0":6},"b":{}}
,"/Users/danielkov/projects/react-ikonate/generated/BookOpened.tsx": {"path":"/Users/danielkov/projects/react-ikonate/generated/BookOpened.tsx","statementMap":{"0":{"start":{"line":1,"column":0},"end":{"line":1,"column":31}},"1":{"start":{"line":2,"column":0},"end":{"line":2,"column":66}},"2":{"start":{"line":3,"column":13},"end":{"line":7,"column":3}},"3":{"start":{"line":4,"column":16},"end":{"line":4,"column":48}},"4":{"start":{"line":5,"column":21},"end":{"line":5,"column":44}},"5":{"start":{"line":6,"column":2},"end":{"line":6,"column":605}}},"fnMap":{"0":{"name":"(anonymous_2)","decl":{"start":{"line":3,"column":89},"end":{"line":3,"column":90}},"loc":{"start":{"line":3,"column":160},"end":{"line":7,"column":1}}}},"branchMap":{},"s":{"0":1,"1":1,"2":1,"3":6,"4":6,"5":6},"f":{"0":6},"b":{}}
,"/Users/danielkov/projects/react-ikonate/generated/Bookmark.tsx": {"path":"/Users/danielkov/projects/react-ikonate/generated/Bookmark.tsx","statementMap":{"0":{"start":{"line":1,"column":0},"end":{"line":1,"column":31}},"1":{"start":{"line":2,"column":0},"end":{"line":2,"column":66}},"2":{"start":{"line":3,"column":13},"end":{"line":7,"column":3}},"3":{"start":{"line":4,"column":16},"end":{"line":4,"column":48}},"4":{"start":{"line":5,"column":21},"end":{"line":5,"column":44}},"5":{"start":{"line":6,"column":2},"end":{"line":6,"column":550}}},"fnMap":{"0":{"name":"(anonymous_2)","decl":{"start":{"line":3,"column":87},"end":{"line":3,"column":88}},"loc":{"start":{"line":3,"column":158},"end":{"line":7,"column":1}}}},"branchMap":{},"s":{"0":1,"1":1,"2":1,"3":6,"4":6,"5":6},"f":{"0":6},"b":{}}
,"/Users/danielkov/projects/react-ikonate/generated/Box.tsx": {"path":"/Users/danielkov/projects/react-ikonate/generated/Box.tsx","statementMap":{"0":{"start":{"line":1,"column":0},"end":{"line":1,"column":31}},"1":{"start":{"line":2,"column":0},"end":{"line":2,"column":66}},"2":{"start":{"line":3,"column":13},"end":{"line":7,"column":3}},"3":{"start":{"line":4,"column":16},"end":{"line":4,"column":48}},"4":{"start":{"line":5,"column":21},"end":{"line":5,"column":44}},"5":{"start":{"line":6,"column":2},"end":{"line":6,"column":519}}},"fnMap":{"0":{"name":"(anonymous_2)","decl":{"start":{"line":3,"column":82},"end":{"line":3,"column":83}},"loc":{"start":{"line":3,"column":153},"end":{"line":7,"column":1}}}},"branchMap":{},"s":{"0":1,"1":1,"2":1,"3":6,"4":6,"5":6},"f":{"0":6},"b":{}}
,"/Users/danielkov/projects/react-ikonate/generated/Bug.tsx": {"path":"/Users/danielkov/projects/react-ikonate/generated/Bug.tsx","statementMap":{"0":{"start":{"line":1,"column":0},"end":{"line":1,"column":31}},"1":{"start":{"line":2,"column":0},"end":{"line":2,"column":66}},"2":{"start":{"line":3,"column":13},"end":{"line":7,"column":3}},"3":{"start":{"line":4,"column":16},"end":{"line":4,"column":48}},"4":{"start":{"line":5,"column":21},"end":{"line":5,"column":44}},"5":{"start":{"line":6,"column":2},"end":{"line":6,"column":914}}},"fnMap":{"0":{"name":"(anonymous_2)","decl":{"start":{"line":3,"column":82},"end":{"line":3,"column":83}},"loc":{"start":{"line":3,"column":153},"end":{"line":7,"column":1}}}},"branchMap":{},"s":{"0":1,"1":1,"2":1,"3":6,"4":6,"5":6},"f":{"0":6},"b":{}}
,"/Users/danielkov/projects/react-ikonate/generated/Calendar.tsx": {"path":"/Users/danielkov/projects/react-ikonate/generated/Calendar.tsx","statementMap":{"0":{"start":{"line":1,"column":0},"end":{"line":1,"column":31}},"1":{"start":{"line":2,"column":0},"end":{"line":2,"column":66}},"2":{"start":{"line":3,"column":13},"end":{"line":7,"column":3}},"3":{"start":{"line":4,"column":16},"end":{"line":4,"column":48}},"4":{"start":{"line":5,"column":21},"end":{"line":5,"column":44}},"5":{"start":{"line":6,"column":2},"end":{"line":6,"column":465}}},"fnMap":{"0":{"name":"(anonymous_2)","decl":{"start":{"line":3,"column":87},"end":{"line":3,"column":88}},"loc":{"start":{"line":3,"column":158},"end":{"line":7,"column":1}}}},"branchMap":{},"s":{"0":1,"1":1,"2":1,"3":6,"4":6,"5":6},"f":{"0":6},"b":{}}
,"/Users/danielkov/projects/react-ikonate/generated/Camera.tsx": {"path":"/Users/danielkov/projects/react-ikonate/generated/Camera.tsx","statementMap":{"0":{"start":{"line":1,"column":0},"end":{"line":1,"column":31}},"1":{"start":{"line":2,"column":0},"end":{"line":2,"column":66}},"2":{"start":{"line":3,"column":13},"end":{"line":7,"column":3}},"3":{"start":{"line":4,"column":16},"end":{"line":4,"column":48}},"4":{"start":{"line":5,"column":21},"end":{"line":5,"column":44}},"5":{"start":{"line":6,"column":2},"end":{"line":6,"column":493}}},"fnMap":{"0":{"name":"(anonymous_2)","decl":{"start":{"line":3,"column":85},"end":{"line":3,"column":86}},"loc":{"start":{"line":3,"column":156},"end":{"line":7,"column":1}}}},"branchMap":{},"s":{"0":1,"1":1,"2":1,"3":6,"4":6,"5":6},"f":{"0":6},"b":{}}
,"/Users/danielkov/projects/react-ikonate/generated/CameraRear.tsx": {"path":"/Users/danielkov/projects/react-ikonate/generated/CameraRear.tsx","statementMap":{"0":{"start":{"line":1,"column":0},"end":{"line":1,"column":31}},"1":{"start":{"line":2,"column":0},"end":{"line":2,"column":66}},"2":{"start":{"line":3,"column":13},"end":{"line":7,"column":3}},"3":{"start":{"line":4,"column":16},"end":{"line":4,"column":48}},"4":{"start":{"line":5,"column":21},"end":{"line":5,"column":44}},"5":{"start":{"line":6,"column":2},"end":{"line":6,"column":659}}},"fnMap":{"0":{"name":"(anonymous_2)","decl":{"start":{"line":3,"column":89},"end":{"line":3,"column":90}},"loc":{"start":{"line":3,"column":160},"end":{"line":7,"column":1}}}},"branchMap":{},"s":{"0":1,"1":1,"2":1,"3":6,"4":6,"5":6},"f":{"0":6},"b":{}}
,"/Users/danielkov/projects/react-ikonate/generated/Cancel.tsx": {"path":"/Users/danielkov/projects/react-ikonate/generated/Cancel.tsx","statementMap":{"0":{"start":{"line":1,"column":0},"end":{"line":1,"column":31}},"1":{"start":{"line":2,"column":0},"end":{"line":2,"column":66}},"2":{"start":{"line":3,"column":13},"end":{"line":7,"column":3}},"3":{"start":{"line":4,"column":16},"end":{"line":4,"column":48}},"4":{"start":{"line":5,"column":21},"end":{"line":5,"column":44}},"5":{"start":{"line":6,"column":2},"end":{"line":6,"column":789}}},"fnMap":{"0":{"name":"(anonymous_2)","decl":{"start":{"line":3,"column":85},"end":{"line":3,"column":86}},"loc":{"start":{"line":3,"column":156},"end":{"line":7,"column":1}}}},"branchMap":{},"s":{"0":1,"1":1,"2":1,"3":6,"4":6,"5":6},"f":{"0":6},"b":{}}
,"/Users/danielkov/projects/react-ikonate/generated/Cards.tsx": {"path":"/Users/danielkov/projects/react-ikonate/generated/Cards.tsx","statementMap":{"0":{"start":{"line":1,"column":0},"end":{"line":1,"column":31}},"1":{"start":{"line":2,"column":0},"end":{"line":2,"column":66}},"2":{"start":{"line":3,"column":13},"end":{"line":7,"column":3}},"3":{"start":{"line":4,"column":16},"end":{"line":4,"column":48}},"4":{"start":{"line":5,"column":21},"end":{"line":5,"column":44}},"5":{"start":{"line":6,"column":2},"end":{"line":6,"column":474}}},"fnMap":{"0":{"name":"(anonymous_2)","decl":{"start":{"line":3,"column":84},"end":{"line":3,"column":85}},"loc":{"start":{"line":3,"column":155},"end":{"line":7,"column":1}}}},"branchMap":{},"s":{"0":1,"1":1,"2":1,"3":6,"4":6,"5":6},"f":{"0":6},"b":{}}
,"/Users/danielkov/projects/react-ikonate/generated/Cart.tsx": {"path":"/Users/danielkov/projects/react-ikonate/generated/Cart.tsx","statementMap":{"0":{"start":{"line":1,"column":0},"end":{"line":1,"column":31}},"1":{"start":{"line":2,"column":0},"end":{"line":2,"column":66}},"2":{"start":{"line":3,"column":13},"end":{"line":7,"column":3}},"3":{"start":{"line":4,"column":16},"end":{"line":4,"column":48}},"4":{"start":{"line":5,"column":21},"end":{"line":5,"column":44}},"5":{"start":{"line":6,"column":2},"end":{"line":6,"column":472}}},"fnMap":{"0":{"name":"(anonymous_2)","decl":{"start":{"line":3,"column":83},"end":{"line":3,"column":84}},"loc":{"start":{"line":3,"column":154},"end":{"line":7,"column":1}}}},"branchMap":{},"s":{"0":1,"1":1,"2":1,"3":6,"4":6,"5":6},"f":{"0":6},"b":{}}
,"/Users/danielkov/projects/react-ikonate/generated/Celluar.tsx": {"path":"/Users/danielkov/projects/react-ikonate/generated/Celluar.tsx","statementMap":{"0":{"start":{"line":1,"column":0},"end":{"line":1,"column":31}},"1":{"start":{"line":2,"column":0},"end":{"line":2,"column":66}},"2":{"start":{"line":3,"column":13},"end":{"line":7,"column":3}},"3":{"start":{"line":4,"column":16},"end":{"line":4,"column":48}},"4":{"start":{"line":5,"column":21},"end":{"line":5,"column":44}},"5":{"start":{"line":6,"column":2},"end":{"line":6,"column":467}}},"fnMap":{"0":{"name":"(anonymous_2)","decl":{"start":{"line":3,"column":86},"end":{"line":3,"column":87}},"loc":{"start":{"line":3,"column":157},"end":{"line":7,"column":1}}}},"branchMap":{},"s":{"0":1,"1":1,"2":1,"3":6,"4":6,"5":6},"f":{"0":6},"b":{}}
,"/Users/danielkov/projects/react-ikonate/generated/Chart.tsx": {"path":"/Users/danielkov/projects/react-ikonate/generated/Chart.tsx","statementMap":{"0":{"start":{"line":1,"column":0},"end":{"line":1,"column":31}},"1":{"start":{"line":2,"column":0},"end":{"line":2,"column":66}},"2":{"start":{"line":3,"column":13},"end":{"line":7,"column":3}},"3":{"start":{"line":4,"column":16},"end":{"line":4,"column":48}},"4":{"start":{"line":5,"column":21},"end":{"line":5,"column":44}},"5":{"start":{"line":6,"column":2},"end":{"line":6,"column":519}}},"fnMap":{"0":{"name":"(anonymous_2)","decl":{"start":{"line":3,"column":84},"end":{"line":3,"column":85}},"loc":{"start":{"line":3,"column":155},"end":{"line":7,"column":1}}}},"branchMap":{},"s":{"0":1,"1":1,"2":1,"3":6,"4":6,"5":6},"f":{"0":6},"b":{}}
,"/Users/danielkov/projects/react-ikonate/generated/Chat.tsx": {"path":"/Users/danielkov/projects/react-ikonate/generated/Chat.tsx","statementMap":{"0":{"start":{"line":1,"column":0},"end":{"line":1,"column":31}},"1":{"start":{"line":2,"column":0},"end":{"line":2,"column":66}},"2":{"start":{"line":3,"column":13},"end":{"line":7,"column":3}},"3":{"start":{"line":4,"column":16},"end":{"line":4,"column":48}},"4":{"start":{"line":5,"column":21},"end":{"line":5,"column":44}},"5":{"start":{"line":6,"column":2},"end":{"line":6,"column":614}}},"fnMap":{"0":{"name":"(anonymous_2)","decl":{"start":{"line":3,"column":83},"end":{"line":3,"column":84}},"loc":{"start":{"line":3,"column":154},"end":{"line":7,"column":1}}}},"branchMap":{},"s":{"0":1,"1":1,"2":1,"3":6,"4":6,"5":6},"f":{"0":6},"b":{}}
,"/Users/danielkov/projects/react-ikonate/generated/ChatAlt.tsx": {"path":"/Users/danielkov/projects/react-ikonate/generated/ChatAlt.tsx","statementMap":{"0":{"start":{"line":1,"column":0},"end":{"line":1,"column":31}},"1":{"start":{"line":2,"column":0},"end":{"line":2,"column":66}},"2":{"start":{"line":3,"column":13},"end":{"line":7,"column":3}},"3":{"start":{"line":4,"column":16},"end":{"line":4,"column":48}},"4":{"start":{"line":5,"column":21},"end":{"line":5,"column":44}},"5":{"start":{"line":6,"column":2},"end":{"line":6,"column":444}}},"fnMap":{"0":{"name":"(anonymous_2)","decl":{"start":{"line":3,"column":86},"end":{"line":3,"column":87}},"loc":{"start":{"line":3,"column":157},"end":{"line":7,"column":1}}}},"branchMap":{},"s":{"0":1,"1":1,"2":1,"3":6,"4":6,"5":6},"f":{"0":6},"b":{}}
,"/Users/danielkov/projects/react-ikonate/generated/ChevronDown.tsx": {"path":"/Users/danielkov/projects/react-ikonate/generated/ChevronDown.tsx","statementMap":{"0":{"start":{"line":1,"column":0},"end":{"line":1,"column":31}},"1":{"start":{"line":2,"column":0},"end":{"line":2,"column":66}},"2":{"start":{"line":3,"column":13},"end":{"line":7,"column":3}},"3":{"start":{"line":4,"column":16},"end":{"line":4,"column":48}},"4":{"start":{"line":5,"column":21},"end":{"line":5,"column":44}},"5":{"start":{"line":6,"column":2},"end":{"line":6,"column":440}}},"fnMap":{"0":{"name":"(anonymous_2)","decl":{"start":{"line":3,"column":90},"end":{"line":3,"column":91}},"loc":{"start":{"line":3,"column":161},"end":{"line":7,"column":1}}}},"branchMap":{},"s":{"0":1,"1":1,"2":1,"3":6,"4":6,"5":6},"f":{"0":6},"b":{}}
,"/Users/danielkov/projects/react-ikonate/generated/ChevronLeft.tsx": {"path":"/Users/danielkov/projects/react-ikonate/generated/ChevronLeft.tsx","statementMap":{"0":{"start":{"line":1,"column":0},"end":{"line":1,"column":31}},"1":{"start":{"line":2,"column":0},"end":{"line":2,"column":66}},"2":{"start":{"line":3,"column":13},"end":{"line":7,"column":3}},"3":{"start":{"line":4,"column":16},"end":{"line":4,"column":48}},"4":{"start":{"line":5,"column":21},"end":{"line":5,"column":44}},"5":{"start":{"line":6,"column":2},"end":{"line":6,"column":444}}},"fnMap":{"0":{"name":"(anonymous_2)","decl":{"start":{"line":3,"column":90},"end":{"line":3,"column":91}},"loc":{"start":{"line":3,"column":161},"end":{"line":7,"column":1}}}},"branchMap":{},"s":{"0":1,"1":1,"2":1,"3":6,"4":6,"5":6},"f":{"0":6},"b":{}}
,"/Users/danielkov/projects/react-ikonate/generated/ChevronRight.tsx": {"path":"/Users/danielkov/projects/react-ikonate/generated/ChevronRight.tsx","statementMap":{"0":{"start":{"line":1,"column":0},"end":{"line":1,"column":31}},"1":{"start":{"line":2,"column":0},"end":{"line":2,"column":66}},"2":{"start":{"line":3,"column":13},"end":{"line":7,"column":3}},"3":{"start":{"line":4,"column":16},"end":{"line":4,"column":48}},"4":{"start":{"line":5,"column":21},"end":{"line":5,"column":44}},"5":{"start":{"line":6,"column":2},"end":{"line":6,"column":452}}},"fnMap":{"0":{"name":"(anonymous_2)","decl":{"start":{"line":3,"column":91},"end":{"line":3,"column":92}},"loc":{"start":{"line":3,"column":162},"end":{"line":7,"column":1}}}},"branchMap":{},"s":{"0":1,"1":1,"2":1,"3":6,"4":6,"5":6},"f":{"0":6},"b":{}}
,"/Users/danielkov/projects/react-ikonate/generated/ChevronUp.tsx": {"path":"/Users/danielkov/projects/react-ikonate/generated/ChevronUp.tsx","statementMap":{"0":{"start":{"line":1,"column":0},"end":{"line":1,"column":31}},"1":{"start":{"line":2,"column":0},"end":{"line":2,"column":66}},"2":{"start":{"line":3,"column":13},"end":{"line":7,"column":3}},"3":{"start":{"line":4,"column":16},"end":{"line":4,"column":48}},"4":{"start":{"line":5,"column":21},"end":{"line":5,"column":44}},"5":{"start":{"line":6,"column":2},"end":{"line":6,"column":433}}},"fnMap":{"0":{"name":"(anonymous_2)","decl":{"start":{"line":3,"column":88},"end":{"line":3,"column":89}},"loc":{"start":{"line":3,"column":159},"end":{"line":7,"column":1}}}},"branchMap":{},"s":{"0":1,"1":1,"2":1,"3":6,"4":6,"5":6},"f":{"0":6},"b":{}}
,"/Users/danielkov/projects/react-ikonate/generated/ChevronsDown.tsx": {"path":"/Users/danielkov/projects/react-ikonate/generated/ChevronsDown.tsx","statementMap":{"0":{"start":{"line":1,"column":0},"end":{"line":1,"column":31}},"1":{"start":{"line":2,"column":0},"end":{"line":2,"column":66}},"2":{"start":{"line":3,"column":13},"end":{"line":7,"column":3}},"3":{"start":{"line":4,"column":16},"end":{"line":4,"column":48}},"4":{"start":{"line":5,"column":21},"end":{"line":5,"column":44}},"5":{"start":{"line":6,"column":2},"end":{"line":6,"column":484}}},"fnMap":{"0":{"name":"(anonymous_2)","decl":{"start":{"line":3,"column":91},"end":{"line":3,"column":92}},"loc":{"start":{"line":3,"column":162},"end":{"line":7,"column":1}}}},"branchMap":{},"s":{"0":1,"1":1,"2":1,"3":6,"4":6,"5":6},"f":{"0":6},"b":{}}
,"/Users/danielkov/projects/react-ikonate/generated/ChevronsLeft.tsx": {"path":"/Users/danielkov/projects/react-ikonate/generated/ChevronsLeft.tsx","statementMap":{"0":{"start":{"line":1,"column":0},"end":{"line":1,"column":31}},"1":{"start":{"line":2,"column":0},"end":{"line":2,"column":66}},"2":{"start":{"line":3,"column":13},"end":{"line":7,"column":3}},"3":{"start":{"line":4,"column":16},"end":{"line":4,"column":48}},"4":{"start":{"line":5,"column":21},"end":{"line":5,"column":44}},"5":{"start":{"line":6,"column":2},"end":{"line":6,"column":494}}},"fnMap":{"0":{"name":"(anonymous_2)","decl":{"start":{"line":3,"column":91},"end":{"line":3,"column":92}},"loc":{"start":{"line":3,"column":162},"end":{"line":7,"column":1}}}},"branchMap":{},"s":{"0":1,"1":1,"2":1,"3":6,"4":6,"5":6},"f":{"0":6},"b":{}}
,"/Users/danielkov/projects/react-ikonate/generated/ChevronsRight.tsx": {"path":"/Users/danielkov/projects/react-ikonate/generated/ChevronsRight.tsx","statementMap":{"0":{"start":{"line":1,"column":0},"end":{"line":1,"column":31}},"1":{"start":{"line":2,"column":0},"end":{"line":2,"column":66}},"2":{"start":{"line":3,"column":13},"end":{"line":7,"column":3}},"3":{"start":{"line":4,"column":16},"end":{"line":4,"column":48}},"4":{"start":{"line":5,"column":21},"end":{"line":5,"column":44}},"5":{"start":{"line":6,"column":2},"end":{"line":6,"column":501}}},"fnMap":{"0":{"name":"(anonymous_2)","decl":{"start":{"line":3,"column":92},"end":{"line":3,"column":93}},"loc":{"start":{"line":3,"column":163},"end":{"line":7,"column":1}}}},"branchMap":{},"s":{"0":1,"1":1,"2":1,"3":6,"4":6,"5":6},"f":{"0":6},"b":{}}
,"/Users/danielkov/projects/react-ikonate/generated/ChevronsUp.tsx": {"path":"/Users/danielkov/projects/react-ikonate/generated/ChevronsUp.tsx","statementMap":{"0":{"start":{"line":1,"column":0},"end":{"line":1,"column":31}},"1":{"start":{"line":2,"column":0},"end":{"line":2,"column":66}},"2":{"start":{"line":3,"column":13},"end":{"line":7,"column":3}},"3":{"start":{"line":4,"column":16},"end":{"line":4,"column":48}},"4":{"start":{"line":5,"column":21},"end":{"line":5,"column":44}},"5":{"start":{"line":6,"column":2},"end":{"line":6,"column":485}}},"fnMap":{"0":{"name":"(anonymous_2)","decl":{"start":{"line":3,"column":89},"end":{"line":3,"column":90}},"loc":{"start":{"line":3,"column":160},"end":{"line":7,"column":1}}}},"branchMap":{},"s":{"0":1,"1":1,"2":1,"3":6,"4":6,"5":6},"f":{"0":6},"b":{}}
,"/Users/danielkov/projects/react-ikonate/generated/Circle.tsx": {"path":"/Users/danielkov/projects/react-ikonate/generated/Circle.tsx","statementMap":{"0":{"start":{"line":1,"column":0},"end":{"line":1,"column":31}},"1":{"start":{"line":2,"column":0},"end":{"line":2,"column":66}},"2":{"start":{"line":3,"column":13},"end":{"line":7,"column":3}},"3":{"start":{"line":4,"column":16},"end":{"line":4,"column":48}},"4":{"start":{"line":5,"column":21},"end":{"line":5,"column":44}},"5":{"start":{"line":6,"column":2},"end":{"line":6,"column":393}}},"fnMap":{"0":{"name":"(anonymous_2)","decl":{"start":{"line":3,"column":85},"end":{"line":3,"column":86}},"loc":{"start":{"line":3,"column":156},"end":{"line":7,"column":1}}}},"branchMap":{},"s":{"0":1,"1":1,"2":1,"3":6,"4":6,"5":6},"f":{"0":6},"b":{}}
,"/Users/danielkov/projects/react-ikonate/generated/CircleArrowDown.tsx": {"path":"/Users/danielkov/projects/react-ikonate/generated/CircleArrowDown.tsx","statementMap":{"0":{"start":{"line":1,"column":0},"end":{"line":1,"column":31}},"1":{"start":{"line":2,"column":0},"end":{"line":2,"column":66}},"2":{"start":{"line":3,"column":13},"end":{"line":7,"column":3}},"3":{"start":{"line":4,"column":16},"end":{"line":4,"column":48}},"4":{"start":{"line":5,"column":21},"end":{"line":5,"column":44}},"5":{"start":{"line":6,"column":2},"end":{"line":6,"column":564}}},"fnMap":{"0":{"name":"(anonymous_2)","decl":{"start":{"line":3,"column":94},"end":{"line":3,"column":95}},"loc":{"start":{"line":3,"column":165},"end":{"line":7,"column":1}}}},"branchMap":{},"s":{"0":1,"1":1,"2":1,"3":6,"4":6,"5":6},"f":{"0":6},"b":{}}
,"/Users/danielkov/projects/react-ikonate/generated/CircleArrowLeft.tsx": {"path":"/Users/danielkov/projects/react-ikonate/generated/CircleArrowLeft.tsx","statementMap":{"0":{"start":{"line":1,"column":0},"end":{"line":1,"column":31}},"1":{"start":{"line":2,"column":0},"end":{"line":2,"column":66}},"2":{"start":{"line":3,"column":13},"end":{"line":7,"column":3}},"3":{"start":{"line":4,"column":16},"end":{"line":4,"column":48}},"4":{"start":{"line":5,"column":21},"end":{"line":5,"column":44}},"5":{"start":{"line":6,"column":2},"end":{"line":6,"column":564}}},"fnMap":{"0":{"name":"(anonymous_2)","decl":{"start":{"line":3,"column":94},"end":{"line":3,"column":95}},"loc":{"start":{"line":3,"column":165},"end":{"line":7,"column":1}}}},"branchMap":{},"s":{"0":1,"1":1,"2":1,"3":6,"4":6,"5":6},"f":{"0":6},"b":{}}
,"/Users/danielkov/projects/react-ikonate/generated/CircleArrowRight.tsx": {"path":"/Users/danielkov/projects/react-ikonate/generated/CircleArrowRight.tsx","statementMap":{"0":{"start":{"line":1,"column":0},"end":{"line":1,"column":31}},"1":{"start":{"line":2,"column":0},"end":{"line":2,"column":66}},"2":{"start":{"line":3,"column":13},"end":{"line":7,"column":3}},"3":{"start":{"line":4,"column":16},"end":{"line":4,"column":48}},"4":{"start":{"line":5,"column":21},"end":{"line":5,"column":44}},"5":{"start":{"line":6,"column":2},"end":{"line":6,"column":570}}},"fnMap":{"0":{"name":"(anonymous_2)","decl":{"start":{"line":3,"column":95},"end":{"line":3,"column":96}},"loc":{"start":{"line":3,"column":166},"end":{"line":7,"column":1}}}},"branchMap":{},"s":{"0":1,"1":1,"2":1,"3":6,"4":6,"5":6},"f":{"0":6},"b":{}}
,"/Users/danielkov/projects/react-ikonate/generated/CircleArrowUp.tsx": {"path":"/Users/danielkov/projects/react-ikonate/generated/CircleArrowUp.tsx","statementMap":{"0":{"start":{"line":1,"column":0},"end":{"line":1,"column":31}},"1":{"start":{"line":2,"column":0},"end":{"line":2,"column":66}},"2":{"start":{"line":3,"column":13},"end":{"line":7,"column":3}},"3":{"start":{"line":4,"column":16},"end":{"line":4,"column":48}},"4":{"start":{"line":5,"column":21},"end":{"line":5,"column":44}},"5":{"start":{"line":6,"column":2},"end":{"line":6,"column":526}}},"fnMap":{"0":{"name":"(anonymous_2)","decl":{"start":{"line":3,"column":92},"end":{"line":3,"column":93}},"loc":{"start":{"line":3,"column":163},"end":{"line":7,"column":1}}}},"branchMap":{},"s":{"0":1,"1":1,"2":1,"3":6,"4":6,"5":6},"f":{"0":6},"b":{}}
,"/Users/danielkov/projects/react-ikonate/generated/CircleOk.tsx": {"path":"/Users/danielkov/projects/react-ikonate/generated/CircleOk.tsx","statementMap":{"0":{"start":{"line":1,"column":0},"end":{"line":1,"column":31}},"1":{"start":{"line":2,"column":0},"end":{"line":2,"column":66}},"2":{"start":{"line":3,"column":13},"end":{"line":7,"column":3}},"3":{"start":{"line":4,"column":16},"end":{"line":4,"column":48}},"4":{"start":{"line":5,"column":21},"end":{"line":5,"column":44}},"5":{"start":{"line":6,"column":2},"end":{"line":6,"column":466}}},"fnMap":{"0":{"name":"(anonymous_2)","decl":{"start":{"line":3,"column":87},"end":{"line":3,"column":88}},"loc":{"start":{"line":3,"column":158},"end":{"line":7,"column":1}}}},"branchMap":{},"s":{"0":1,"1":1,"2":1,"3":6,"4":6,"5":6},"f":{"0":6},"b":{}}
,"/Users/danielkov/projects/react-ikonate/generated/Clipboard.tsx": {"path":"/Users/danielkov/projects/react-ikonate/generated/Clipboard.tsx","statementMap":{"0":{"start":{"line":1,"column":0},"end":{"line":1,"column":31}},"1":{"start":{"line":2,"column":0},"end":{"line":2,"column":66}},"2":{"start":{"line":3,"column":13},"end":{"line":7,"column":3}},"3":{"start":{"line":4,"column":16},"end":{"line":4,"column":48}},"4":{"start":{"line":5,"column":21},"end":{"line":5,"column":44}},"5":{"start":{"line":6,"column":2},"end":{"line":6,"column":614}}},"fnMap":{"0":{"name":"(anonymous_2)","decl":{"start":{"line":3,"column":88},"end":{"line":3,"column":89}},"loc":{"start":{"line":3,"column":159},"end":{"line":7,"column":1}}}},"branchMap":{},"s":{"0":1,"1":1,"2":1,"3":6,"4":6,"5":6},"f":{"0":6},"b":{}}
,"/Users/danielkov/projects/react-ikonate/generated/Close.tsx": {"path":"/Users/danielkov/projects/react-ikonate/generated/Close.tsx","statementMap":{"0":{"start":{"line":1,"column":0},"end":{"line":1,"column":31}},"1":{"start":{"line":2,"column":0},"end":{"line":2,"column":66}},"2":{"start":{"line":3,"column":13},"end":{"line":7,"column":3}},"3":{"start":{"line":4,"column":16},"end":{"line":4,"column":48}},"4":{"start":{"line":5,"column":21},"end":{"line":5,"column":44}},"5":{"start":{"line":6,"column":2},"end":{"line":6,"column":460}}},"fnMap":{"0":{"name":"(anonymous_2)","decl":{"start":{"line":3,"column":84},"end":{"line":3,"column":85}},"loc":{"start":{"line":3,"column":155},"end":{"line":7,"column":1}}}},"branchMap":{},"s":{"0":1,"1":1,"2":1,"3":6,"4":6,"5":6},"f":{"0":6},"b":{}}
,"/Users/danielkov/projects/react-ikonate/generated/Cloud.tsx": {"path":"/Users/danielkov/projects/react-ikonate/generated/Cloud.tsx","statementMap":{"0":{"start":{"line":1,"column":0},"end":{"line":1,"column":31}},"1":{"start":{"line":2,"column":0},"end":{"line":2,"column":66}},"2":{"start":{"line":3,"column":13},"end":{"line":7,"column":3}},"3":{"start":{"line":4,"column":16},"end":{"line":4,"column":48}},"4":{"start":{"line":5,"column":21},"end":{"line":5,"column":44}},"5":{"start":{"line":6,"column":2},"end":{"line":6,"column":686}}},"fnMap":{"0":{"name":"(anonymous_2)","decl":{"start":{"line":3,"column":84},"end":{"line":3,"column":85}},"loc":{"start":{"line":3,"column":155},"end":{"line":7,"column":1}}}},"branchMap":{},"s":{"0":1,"1":1,"2":1,"3":6,"4":6,"5":6},"f":{"0":6},"b":{}}
,"/Users/danielkov/projects/react-ikonate/generated/CloudUpload.tsx": {"path":"/Users/danielkov/projects/react-ikonate/generated/CloudUpload.tsx","statementMap":{"0":{"start":{"line":1,"column":0},"end":{"line":1,"column":31}},"1":{"start":{"line":2,"column":0},"end":{"line":2,"column":66}},"2":{"start":{"line":3,"column":13},"end":{"line":7,"column":3}},"3":{"start":{"line":4,"column":16},"end":{"line":4,"column":48}},"4":{"start":{"line":5,"column":21},"end":{"line":5,"column":44}},"5":{"start":{"line":6,"column":2},"end":{"line":6,"column":818}}},"fnMap":{"0":{"name":"(anonymous_2)","decl":{"start":{"line":3,"column":90},"end":{"line":3,"column":91}},"loc":{"start":{"line":3,"column":161},"end":{"line":7,"column":1}}}},"branchMap":{},"s":{"0":1,"1":1,"2":1,"3":6,"4":6,"5":6},"f":{"0":6},"b":{}}
,"/Users/danielkov/projects/react-ikonate/generated/Colours.tsx": {"path":"/Users/danielkov/projects/react-ikonate/generated/Colours.tsx","statementMap":{"0":{"start":{"line":1,"column":0},"end":{"line":1,"column":31}},"1":{"start":{"line":2,"column":0},"end":{"line":2,"column":66}},"2":{"start":{"line":3,"column":13},"end":{"line":7,"column":3}},"3":{"start":{"line":4,"column":16},"end":{"line":4,"column":48}},"4":{"start":{"line":5,"column":21},"end":{"line":5,"column":44}},"5":{"start":{"line":6,"column":2},"end":{"line":6,"column":524}}},"fnMap":{"0":{"name":"(anonymous_2)","decl":{"start":{"line":3,"column":86},"end":{"line":3,"column":87}},"loc":{"start":{"line":3,"column":157},"end":{"line":7,"column":1}}}},"branchMap":{},"s":{"0":1,"1":1,"2":1,"3":6,"4":6,"5":6},"f":{"0":6},"b":{}}
,"/Users/danielkov/projects/react-ikonate/generated/ContactBook.tsx": {"path":"/Users/danielkov/projects/react-ikonate/generated/ContactBook.tsx","statementMap":{"0":{"start":{"line":1,"column":0},"end":{"line":1,"column":31}},"1":{"start":{"line":2,"column":0},"end":{"line":2,"column":66}},"2":{"start":{"line":3,"column":13},"end":{"line":7,"column":3}},"3":{"start":{"line":4,"column":16},"end":{"line":4,"column":48}},"4":{"start":{"line":5,"column":21},"end":{"line":5,"column":44}},"5":{"start":{"line":6,"column":2},"end":{"line":6,"column":919}}},"fnMap":{"0":{"name":"(anonymous_2)","decl":{"start":{"line":3,"column":90},"end":{"line":3,"column":91}},"loc":{"start":{"line":3,"column":161},"end":{"line":7,"column":1}}}},"branchMap":{},"s":{"0":1,"1":1,"2":1,"3":6,"4":6,"5":6},"f":{"0":6},"b":{}}
,"/Users/danielkov/projects/react-ikonate/generated/Controls.tsx": {"path":"/Users/danielkov/projects/react-ikonate/generated/Controls.tsx","statementMap":{"0":{"start":{"line":1,"column":0},"end":{"line":1,"column":31}},"1":{"start":{"line":2,"column":0},"end":{"line":2,"column":66}},"2":{"start":{"line":3,"column":13},"end":{"line":7,"column":3}},"3":{"start":{"line":4,"column":16},"end":{"line":4,"column":48}},"4":{"start":{"line":5,"column":21},"end":{"line":5,"column":44}},"5":{"start":{"line":6,"column":2},"end":{"line":6,"column":474}}},"fnMap":{"0":{"name":"(anonymous_2)","decl":{"start":{"line":3,"column":87},"end":{"line":3,"column":88}},"loc":{"start":{"line":3,"column":158},"end":{"line":7,"column":1}}}},"branchMap":{},"s":{"0":1,"1":1,"2":1,"3":6,"4":6,"5":6},"f":{"0":6},"b":{}}
,"/Users/danielkov/projects/react-ikonate/generated/Copy.tsx": {"path":"/Users/danielkov/projects/react-ikonate/generated/Copy.tsx","statementMap":{"0":{"start":{"line":1,"column":0},"end":{"line":1,"column":31}},"1":{"start":{"line":2,"column":0},"end":{"line":2,"column":66}},"2":{"start":{"line":3,"column":13},"end":{"line":7,"column":3}},"3":{"start":{"line":4,"column":16},"end":{"line":4,"column":48}},"4":{"start":{"line":5,"column":21},"end":{"line":5,"column":44}},"5":{"start":{"line":6,"column":2},"end":{"line":6,"column":441}}},"fnMap":{"0":{"name":"(anonymous_2)","decl":{"start":{"line":3,"column":83},"end":{"line":3,"column":84}},"loc":{"start":{"line":3,"column":154},"end":{"line":7,"column":1}}}},"branchMap":{},"s":{"0":1,"1":1,"2":1,"3":6,"4":6,"5":6},"f":{"0":6},"b":{}}
,"/Users/danielkov/projects/react-ikonate/generated/CreditCard.tsx": {"path":"/Users/danielkov/projects/react-ikonate/generated/CreditCard.tsx","statementMap":{"0":{"start":{"line":1,"column":0},"end":{"line":1,"column":31}},"1":{"start":{"line":2,"column":0},"end":{"line":2,"column":66}},"2":{"start":{"line":3,"column":13},"end":{"line":7,"column":3}},"3":{"start":{"line":4,"column":16},"end":{"line":4,"column":48}},"4":{"start":{"line":5,"column":21},"end":{"line":5,"column":44}},"5":{"start":{"line":6,"column":2},"end":{"line":6,"column":462}}},"fnMap":{"0":{"name":"(anonymous_2)","decl":{"start":{"line":3,"column":89},"end":{"line":3,"column":90}},"loc":{"start":{"line":3,"column":160},"end":{"line":7,"column":1}}}},"branchMap":{},"s":{"0":1,"1":1,"2":1,"3":6,"4":6,"5":6},"f":{"0":6},"b":{}}
,"/Users/danielkov/projects/react-ikonate/generated/Crop.tsx": {"path":"/Users/danielkov/projects/react-ikonate/generated/Crop.tsx","statementMap":{"0":{"start":{"line":1,"column":0},"end":{"line":1,"column":31}},"1":{"start":{"line":2,"column":0},"end":{"line":2,"column":66}},"2":{"start":{"line":3,"column":13},"end":{"line":7,"column":3}},"3":{"start":{"line":4,"column":16},"end":{"line":4,"column":48}},"4":{"start":{"line":5,"column":21},"end":{"line":5,"column":44}},"5":{"start":{"line":6,"column":2},"end":{"line":6,"column":426}}},"fnMap":{"0":{"name":"(anonymous_2)","decl":{"start":{"line":3,"column":83},"end":{"line":3,"column":84}},"loc":{"start":{"line":3,"column":154},"end":{"line":7,"column":1}}}},"branchMap":{},"s":{"0":1,"1":1,"2":1,"3":6,"4":6,"5":6},"f":{"0":6},"b":{}}
,"/Users/danielkov/projects/react-ikonate/generated/Crossing.tsx": {"path":"/Users/danielkov/projects/react-ikonate/generated/Crossing.tsx","statementMap":{"0":{"start":{"line":1,"column":0},"end":{"line":1,"column":31}},"1":{"start":{"line":2,"column":0},"end":{"line":2,"column":66}},"2":{"start":{"line":3,"column":13},"end":{"line":7,"column":3}},"3":{"start":{"line":4,"column":16},"end":{"line":4,"column":48}},"4":{"start":{"line":5,"column":21},"end":{"line":5,"column":44}},"5":{"start":{"line":6,"column":2},"end":{"line":6,"column":708}}},"fnMap":{"0":{"name":"(anonymous_2)","decl":{"start":{"line":3,"column":87},"end":{"line":3,"column":88}},"loc":{"start":{"line":3,"column":158},"end":{"line":7,"column":1}}}},"branchMap":{},"s":{"0":1,"1":1,"2":1,"3":6,"4":6,"5":6},"f":{"0":6},"b":{}}
,"/Users/danielkov/projects/react-ikonate/generated/Cup.tsx": {"path":"/Users/danielkov/projects/react-ikonate/generated/Cup.tsx","statementMap":{"0":{"start":{"line":1,"column":0},"end":{"line":1,"column":31}},"1":{"start":{"line":2,"column":0},"end":{"line":2,"column":66}},"2":{"start":{"line":3,"column":13},"end":{"line":7,"column":3}},"3":{"start":{"line":4,"column":16},"end":{"line":4,"column":48}},"4":{"start":{"line":5,"column":21},"end":{"line":5,"column":44}},"5":{"start":{"line":6,"column":2},"end":{"line":6,"column":672}}},"fnMap":{"0":{"name":"(anonymous_2)","decl":{"start":{"line":3,"column":82},"end":{"line":3,"column":83}},"loc":{"start":{"line":3,"column":153},"end":{"line":7,"column":1}}}},"branchMap":{},"s":{"0":1,"1":1,"2":1,"3":6,"4":6,"5":6},"f":{"0":6},"b":{}}
,"/Users/danielkov/projects/react-ikonate/generated/Cursor.tsx": {"path":"/Users/danielkov/projects/react-ikonate/generated/Cursor.tsx","statementMap":{"0":{"start":{"line":1,"column":0},"end":{"line":1,"column":31}},"1":{"start":{"line":2,"column":0},"end":{"line":2,"column":66}},"2":{"start":{"line":3,"column":13},"end":{"line":7,"column":3}},"3":{"start":{"line":4,"column":16},"end":{"line":4,"column":48}},"4":{"start":{"line":5,"column":21},"end":{"line":5,"column":44}},"5":{"start":{"line":6,"column":2},"end":{"line":6,"column":420}}},"fnMap":{"0":{"name":"(anonymous_2)","decl":{"start":{"line":3,"column":85},"end":{"line":3,"column":86}},"loc":{"start":{"line":3,"column":156},"end":{"line":7,"column":1}}}},"branchMap":{},"s":{"0":1,"1":1,"2":1,"3":6,"4":6,"5":6},"f":{"0":6},"b":{}}
,"/Users/danielkov/projects/react-ikonate/generated/Cut.tsx": {"path":"/Users/danielkov/projects/react-ikonate/generated/Cut.tsx","statementMap":{"0":{"start":{"line":1,"column":0},"end":{"line":1,"column":31}},"1":{"start":{"line":2,"column":0},"end":{"line":2,"column":66}},"2":{"start":{"line":3,"column":13},"end":{"line":7,"column":3}},"3":{"start":{"line":4,"column":16},"end":{"line":4,"column":48}},"4":{"start":{"line":5,"column":21},"end":{"line":5,"column":44}},"5":{"start":{"line":6,"column":2},"end":{"line":6,"column":443}}},"fnMap":{"0":{"name":"(anonymous_2)","decl":{"start":{"line":3,"column":82},"end":{"line":3,"column":83}},"loc":{"start":{"line":3,"column":153},"end":{"line":7,"column":1}}}},"branchMap":{},"s":{"0":1,"1":1,"2":1,"3":6,"4":6,"5":6},"f":{"0":6},"b":{}}
,"/Users/danielkov/projects/react-ikonate/generated/Danger.tsx": {"path":"/Users/danielkov/projects/react-ikonate/generated/Danger.tsx","statementMap":{"0":{"start":{"line":1,"column":0},"end":{"line":1,"column":31}},"1":{"start":{"line":2,"column":0},"end":{"line":2,"column":66}},"2":{"start":{"line":3,"column":13},"end":{"line":7,"column":3}},"3":{"start":{"line":4,"column":16},"end":{"line":4,"column":48}},"4":{"start":{"line":5,"column":21},"end":{"line":5,"column":44}},"5":{"start":{"line":6,"column":2},"end":{"line":6,"column":923}}},"fnMap":{"0":{"name":"(anonymous_2)","decl":{"start":{"line":3,"column":85},"end":{"line":3,"column":86}},"loc":{"start":{"line":3,"column":156},"end":{"line":7,"column":1}}}},"branchMap":{},"s":{"0":1,"1":1,"2":1,"3":6,"4":6,"5":6},"f":{"0":6},"b":{}}
,"/Users/danielkov/projects/react-ikonate/generated/Dashboard.tsx": {"path":"/Users/danielkov/projects/react-ikonate/generated/Dashboard.tsx","statementMap":{"0":{"start":{"line":1,"column":0},"end":{"line":1,"column":31}},"1":{"start":{"line":2,"column":0},"end":{"line":2,"column":66}},"2":{"start":{"line":3,"column":13},"end":{"line":7,"column":3}},"3":{"start":{"line":4,"column":16},"end":{"line":4,"column":48}},"4":{"start":{"line":5,"column":21},"end":{"line":5,"column":44}},"5":{"start":{"line":6,"column":2},"end":{"line":6,"column":581}}},"fnMap":{"0":{"name":"(anonymous_2)","decl":{"start":{"line":3,"column":88},"end":{"line":3,"column":89}},"loc":{"start":{"line":3,"column":159},"end":{"line":7,"column":1}}}},"branchMap":{},"s":{"0":1,"1":1,"2":1,"3":6,"4":6,"5":6},"f":{"0":6},"b":{}}
,"/Users/danielkov/projects/react-ikonate/generated/Delete.tsx": {"path":"/Users/danielkov/projects/react-ikonate/generated/Delete.tsx","statementMap":{"0":{"start":{"line":1,"column":0},"end":{"line":1,"column":31}},"1":{"start":{"line":2,"column":0},"end":{"line":2,"column":66}},"2":{"start":{"line":3,"column":13},"end":{"line":7,"column":3}},"3":{"start":{"line":4,"column":16},"end":{"line":4,"column":48}},"4":{"start":{"line":5,"column":21},"end":{"line":5,"column":44}},"5":{"start":{"line":6,"column":2},"end":{"line":6,"column":548}}},"fnMap":{"0":{"name":"(anonymous_2)","decl":{"start":{"line":3,"column":85},"end":{"line":3,"column":86}},"loc":{"start":{"line":3,"column":156},"end":{"line":7,"column":1}}}},"branchMap":{},"s":{"0":1,"1":1,"2":1,"3":6,"4":6,"5":6},"f":{"0":6},"b":{}}
,"/Users/danielkov/projects/react-ikonate/generated/DirectionLeft.tsx": {"path":"/Users/danielkov/projects/react-ikonate/generated/DirectionLeft.tsx","statementMap":{"0":{"start":{"line":1,"column":0},"end":{"line":1,"column":31}},"1":{"start":{"line":2,"column":0},"end":{"line":2,"column":66}},"2":{"start":{"line":3,"column":13},"end":{"line":7,"column":3}},"3":{"start":{"line":4,"column":16},"end":{"line":4,"column":48}},"4":{"start":{"line":5,"column":21},"end":{"line":5,"column":44}},"5":{"start":{"line":6,"column":2},"end":{"line":6,"column":550}}},"fnMap":{"0":{"name":"(anonymous_2)","decl":{"start":{"line":3,"column":92},"end":{"line":3,"column":93}},"loc":{"start":{"line":3,"column":163},"end":{"line":7,"column":1}}}},"branchMap":{},"s":{"0":1,"1":1,"2":1,"3":6,"4":6,"5":6},"f":{"0":6},"b":{}}
,"/Users/danielkov/projects/react-ikonate/generated/DirectionRight.tsx": {"path":"/Users/danielkov/projects/react-ikonate/generated/DirectionRight.tsx","statementMap":{"0":{"start":{"line":1,"column":0},"end":{"line":1,"column":31}},"1":{"start":{"line":2,"column":0},"end":{"line":2,"column":66}},"2":{"start":{"line":3,"column":13},"end":{"line":7,"column":3}},"3":{"start":{"line":4,"column":16},"end":{"line":4,"column":48}},"4":{"start":{"line":5,"column":21},"end":{"line":5,"column":44}},"5":{"start":{"line":6,"column":2},"end":{"line":6,"column":536}}},"fnMap":{"0":{"name":"(anonymous_2)","decl":{"start":{"line":3,"column":93},"end":{"line":3,"column":94}},"loc":{"start":{"line":3,"column":164},"end":{"line":7,"column":1}}}},"branchMap":{},"s":{"0":1,"1":1,"2":1,"3":6,"4":6,"5":6},"f":{"0":6},"b":{}}
,"/Users/danielkov/projects/react-ikonate/generated/Disc.tsx": {"path":"/Users/danielkov/projects/react-ikonate/generated/Disc.tsx","statementMap":{"0":{"start":{"line":1,"column":0},"end":{"line":1,"column":31}},"1":{"start":{"line":2,"column":0},"end":{"line":2,"column":66}},"2":{"start":{"line":3,"column":13},"end":{"line":7,"column":3}},"3":{"start":{"line":4,"column":16},"end":{"line":4,"column":48}},"4":{"start":{"line":5,"column":21},"end":{"line":5,"column":44}},"5":{"start":{"line":6,"column":2},"end":{"line":6,"column":419}}},"fnMap":{"0":{"name":"(anonymous_2)","decl":{"start":{"line":3,"column":83},"end":{"line":3,"column":84}},"loc":{"start":{"line":3,"column":154},"end":{"line":7,"column":1}}}},"branchMap":{},"s":{"0":1,"1":1,"2":1,"3":6,"4":6,"5":6},"f":{"0":6},"b":{}}
,"/Users/danielkov/projects/react-ikonate/generated/Dolar.tsx": {"path":"/Users/danielkov/projects/react-ikonate/generated/Dolar.tsx","statementMap":{"0":{"start":{"line":1,"column":0},"end":{"line":1,"column":31}},"1":{"start":{"line":2,"column":0},"end":{"line":2,"column":66}},"2":{"start":{"line":3,"column":13},"end":{"line":7,"column":3}},"3":{"start":{"line":4,"column":16},"end":{"line":4,"column":48}},"4":{"start":{"line":5,"column":21},"end":{"line":5,"column":44}},"5":{"start":{"line":6,"column":2},"end":{"line":6,"column":560}}},"fnMap":{"0":{"name":"(anonymous_2)","decl":{"start":{"line":3,"column":84},"end":{"line":3,"column":85}},"loc":{"start":{"line":3,"column":155},"end":{"line":7,"column":1}}}},"branchMap":{},"s":{"0":1,"1":1,"2":1,"3":6,"4":6,"5":6},"f":{"0":6},"b":{}}
,"/Users/danielkov/projects/react-ikonate/generated/Download.tsx": {"path":"/Users/danielkov/projects/react-ikonate/generated/Download.tsx","statementMap":{"0":{"start":{"line":1,"column":0},"end":{"line":1,"column":31}},"1":{"start":{"line":2,"column":0},"end":{"line":2,"column":66}},"2":{"start":{"line":3,"column":13},"end":{"line":7,"column":3}},"3":{"start":{"line":4,"column":16},"end":{"line":4,"column":48}},"4":{"start":{"line":5,"column":21},"end":{"line":5,"column":44}},"5":{"start":{"line":6,"column":2},"end":{"line":6,"column":462}}},"fnMap":{"0":{"name":"(anonymous_2)","decl":{"start":{"line":3,"column":87},"end":{"line":3,"column":88}},"loc":{"start":{"line":3,"column":158},"end":{"line":7,"column":1}}}},"branchMap":{},"s":{"0":1,"1":1,"2":1,"3":6,"4":6,"5":6},"f":{"0":6},"b":{}}
,"/Users/danielkov/projects/react-ikonate/generated/Drop.tsx": {"path":"/Users/danielkov/projects/react-ikonate/generated/Drop.tsx","statementMap":{"0":{"start":{"line":1,"column":0},"end":{"line":1,"column":31}},"1":{"start":{"line":2,"column":0},"end":{"line":2,"column":66}},"2":{"start":{"line":3,"column":13},"end":{"line":7,"column":3}},"3":{"start":{"line":4,"column":16},"end":{"line":4,"column":48}},"4":{"start":{"line":5,"column":21},"end":{"line":5,"column":44}},"5":{"start":{"line":6,"column":2},"end":{"line":6,"column":500}}},"fnMap":{"0":{"name":"(anonymous_2)","decl":{"start":{"line":3,"column":83},"end":{"line":3,"column":84}},"loc":{"start":{"line":3,"column":154},"end":{"line":7,"column":1}}}},"branchMap":{},"s":{"0":1,"1":1,"2":1,"3":6,"4":6,"5":6},"f":{"0":6},"b":{}}
,"/Users/danielkov/projects/react-ikonate/generated/Edit.tsx": {"path":"/Users/danielkov/projects/react-ikonate/generated/Edit.tsx","statementMap":{"0":{"start":{"line":1,"column":0},"end":{"line":1,"column":31}},"1":{"start":{"line":2,"column":0},"end":{"line":2,"column":66}},"2":{"start":{"line":3,"column":13},"end":{"line":7,"column":3}},"3":{"start":{"line":4,"column":16},"end":{"line":4,"column":48}},"4":{"start":{"line":5,"column":21},"end":{"line":5,"column":44}},"5":{"start":{"line":6,"column":2},"end":{"line":6,"column":606}}},"fnMap":{"0":{"name":"(anonymous_2)","decl":{"start":{"line":3,"column":83},"end":{"line":3,"column":84}},"loc":{"start":{"line":3,"column":154},"end":{"line":7,"column":1}}}},"branchMap":{},"s":{"0":1,"1":1,"2":1,"3":6,"4":6,"5":6},"f":{"0":6},"b":{}}
,"/Users/danielkov/projects/react-ikonate/generated/Ellypsis.tsx": {"path":"/Users/danielkov/projects/react-ikonate/generated/Ellypsis.tsx","statementMap":{"0":{"start":{"line":1,"column":0},"end":{"line":1,"column":31}},"1":{"start":{"line":2,"column":0},"end":{"line":2,"column":66}},"2":{"start":{"line":3,"column":13},"end":{"line":7,"column":3}},"3":{"start":{"line":4,"column":16},"end":{"line":4,"column":48}},"4":{"start":{"line":5,"column":21},"end":{"line":5,"column":44}},"5":{"start":{"line":6,"column":2},"end":{"line":6,"column":494}}},"fnMap":{"0":{"name":"(anonymous_2)","decl":{"start":{"line":3,"column":87},"end":{"line":3,"column":88}},"loc":{"start":{"line":3,"column":158},"end":{"line":7,"column":1}}}},"branchMap":{},"s":{"0":1,"1":1,"2":1,"3":6,"4":6,"5":6},"f":{"0":6},"b":{}}
,"/Users/danielkov/projects/react-ikonate/generated/EllypsisVertical.tsx": {"path":"/Users/danielkov/projects/react-ikonate/generated/EllypsisVertical.tsx","statementMap":{"0":{"start":{"line":1,"column":0},"end":{"line":1,"column":31}},"1":{"start":{"line":2,"column":0},"end":{"line":2,"column":66}},"2":{"start":{"line":3,"column":13},"end":{"line":7,"column":3}},"3":{"start":{"line":4,"column":16},"end":{"line":4,"column":48}},"4":{"start":{"line":5,"column":21},"end":{"line":5,"column":44}},"5":{"start":{"line":6,"column":2},"end":{"line":6,"column":872}}},"fnMap":{"0":{"name":"(anonymous_2)","decl":{"start":{"line":3,"column":95},"end":{"line":3,"column":96}},"loc":{"start":{"line":3,"column":166},"end":{"line":7,"column":1}}}},"branchMap":{},"s":{"0":1,"1":1,"2":1,"3":6,"4":6,"5":6},"f":{"0":6},"b":{}}
,"/Users/danielkov/projects/react-ikonate/generated/Entrance.tsx": {"path":"/Users/danielkov/projects/react-ikonate/generated/Entrance.tsx","statementMap":{"0":{"start":{"line":1,"column":0},"end":{"line":1,"column":31}},"1":{"start":{"line":2,"column":0},"end":{"line":2,"column":66}},"2":{"start":{"line":3,"column":13},"end":{"line":7,"column":3}},"3":{"start":{"line":4,"column":16},"end":{"line":4,"column":48}},"4":{"start":{"line":5,"column":21},"end":{"line":5,"column":44}},"5":{"start":{"line":6,"column":2},"end":{"line":6,"column":523}}},"fnMap":{"0":{"name":"(anonymous_2)","decl":{"start":{"line":3,"column":87},"end":{"line":3,"column":88}},"loc":{"start":{"line":3,"column":158},"end":{"line":7,"column":1}}}},"branchMap":{},"s":{"0":1,"1":1,"2":1,"3":6,"4":6,"5":6},"f":{"0":6},"b":{}}
,"/Users/danielkov/projects/react-ikonate/generated/Envelope.tsx": {"path":"/Users/danielkov/projects/react-ikonate/generated/Envelope.tsx","statementMap":{"0":{"start":{"line":1,"column":0},"end":{"line":1,"column":31}},"1":{"start":{"line":2,"column":0},"end":{"line":2,"column":66}},"2":{"start":{"line":3,"column":13},"end":{"line":7,"column":3}},"3":{"start":{"line":4,"column":16},"end":{"line":4,"column":48}},"4":{"start":{"line":5,"column":21},"end":{"line":5,"column":44}},"5":{"start":{"line":6,"column":2},"end":{"line":6,"column":576}}},"fnMap":{"0":{"name":"(anonymous_2)","decl":{"start":{"line":3,"column":87},"end":{"line":3,"column":88}},"loc":{"start":{"line":3,"column":158},"end":{"line":7,"column":1}}}},"branchMap":{},"s":{"0":1,"1":1,"2":1,"3":6,"4":6,"5":6},"f":{"0":6},"b":{}}
,"/Users/danielkov/projects/react-ikonate/generated/EnvelopeAlt.tsx": {"path":"/Users/danielkov/projects/react-ikonate/generated/EnvelopeAlt.tsx","statementMap":{"0":{"start":{"line":1,"column":0},"end":{"line":1,"column":31}},"1":{"start":{"line":2,"column":0},"end":{"line":2,"column":66}},"2":{"start":{"line":3,"column":13},"end":{"line":7,"column":3}},"3":{"start":{"line":4,"column":16},"end":{"line":4,"column":48}},"4":{"start":{"line":5,"column":21},"end":{"line":5,"column":44}},"5":{"start":{"line":6,"column":2},"end":{"line":6,"column":484}}},"fnMap":{"0":{"name":"(anonymous_2)","decl":{"start":{"line":3,"column":90},"end":{"line":3,"column":91}},"loc":{"start":{"line":3,"column":161},"end":{"line":7,"column":1}}}},"branchMap":{},"s":{"0":1,"1":1,"2":1,"3":6,"4":6,"5":6},"f":{"0":6},"b":{}}
,"/Users/danielkov/projects/react-ikonate/generated/Error.tsx": {"path":"/Users/danielkov/projects/react-ikonate/generated/Error.tsx","statementMap":{"0":{"start":{"line":1,"column":0},"end":{"line":1,"column":31}},"1":{"start":{"line":2,"column":0},"end":{"line":2,"column":66}},"2":{"start":{"line":3,"column":13},"end":{"line":7,"column":3}},"3":{"start":{"line":4,"column":16},"end":{"line":4,"column":48}},"4":{"start":{"line":5,"column":21},"end":{"line":5,"column":44}},"5":{"start":{"line":6,"column":2},"end":{"line":6,"column":483}}},"fnMap":{"0":{"name":"(anonymous_2)","decl":{"start":{"line":3,"column":84},"end":{"line":3,"column":85}},"loc":{"start":{"line":3,"column":155},"end":{"line":7,"column":1}}}},"branchMap":{},"s":{"0":1,"1":1,"2":1,"3":6,"4":6,"5":6},"f":{"0":6},"b":{}}
,"/Users/danielkov/projects/react-ikonate/generated/Exit.tsx": {"path":"/Users/danielkov/projects/react-ikonate/generated/Exit.tsx","statementMap":{"0":{"start":{"line":1,"column":0},"end":{"line":1,"column":31}},"1":{"start":{"line":2,"column":0},"end":{"line":2,"column":66}},"2":{"start":{"line":3,"column":13},"end":{"line":7,"column":3}},"3":{"start":{"line":4,"column":16},"end":{"line":4,"column":48}},"4":{"start":{"line":5,"column":21},"end":{"line":5,"column":44}},"5":{"start":{"line":6,"column":2},"end":{"line":6,"column":508}}},"fnMap":{"0":{"name":"(anonymous_2)","decl":{"start":{"line":3,"column":83},"end":{"line":3,"column":84}},"loc":{"start":{"line":3,"column":154},"end":{"line":7,"column":1}}}},"branchMap":{},"s":{"0":1,"1":1,"2":1,"3":6,"4":6,"5":6},"f":{"0":6},"b":{}}
,"/Users/danielkov/projects/react-ikonate/generated/Explore.tsx": {"path":"/Users/danielkov/projects/react-ikonate/generated/Explore.tsx","statementMap":{"0":{"start":{"line":1,"column":0},"end":{"line":1,"column":31}},"1":{"start":{"line":2,"column":0},"end":{"line":2,"column":66}},"2":{"start":{"line":3,"column":13},"end":{"line":7,"column":3}},"3":{"start":{"line":4,"column":16},"end":{"line":4,"column":48}},"4":{"start":{"line":5,"column":21},"end":{"line":5,"column":44}},"5":{"start":{"line":6,"column":2},"end":{"line":6,"column":487}}},"fnMap":{"0":{"name":"(anonymous_2)","decl":{"start":{"line":3,"column":86},"end":{"line":3,"column":87}},"loc":{"start":{"line":3,"column":157},"end":{"line":7,"column":1}}}},"branchMap":{},"s":{"0":1,"1":1,"2":1,"3":6,"4":6,"5":6},"f":{"0":6},"b":{}}
,"/Users/danielkov/projects/react-ikonate/generated/Favourite.tsx": {"path":"/Users/danielkov/projects/react-ikonate/generated/Favourite.tsx","statementMap":{"0":{"start":{"line":1,"column":0},"end":{"line":1,"column":31}},"1":{"start":{"line":2,"column":0},"end":{"line":2,"column":66}},"2":{"start":{"line":3,"column":13},"end":{"line":7,"column":3}},"3":{"start":{"line":4,"column":16},"end":{"line":4,"column":48}},"4":{"start":{"line":5,"column":21},"end":{"line":5,"column":44}},"5":{"start":{"line":6,"column":2},"end":{"line":6,"column":653}}},"fnMap":{"0":{"name":"(anonymous_2)","decl":{"start":{"line":3,"column":88},"end":{"line":3,"column":89}},"loc":{"start":{"line":3,"column":159},"end":{"line":7,"column":1}}}},"branchMap":{},"s":{"0":1,"1":1,"2":1,"3":6,"4":6,"5":6},"f":{"0":6},"b":{}}
,"/Users/danielkov/projects/react-ikonate/generated/Feed.tsx": {"path":"/Users/danielkov/projects/react-ikonate/generated/Feed.tsx","statementMap":{"0":{"start":{"line":1,"column":0},"end":{"line":1,"column":31}},"1":{"start":{"line":2,"column":0},"end":{"line":2,"column":66}},"2":{"start":{"line":3,"column":13},"end":{"line":7,"column":3}},"3":{"start":{"line":4,"column":16},"end":{"line":4,"column":48}},"4":{"start":{"line":5,"column":21},"end":{"line":5,"column":44}},"5":{"start":{"line":6,"column":2},"end":{"line":6,"column":531}}},"fnMap":{"0":{"name":"(anonymous_2)","decl":{"start":{"line":3,"column":83},"end":{"line":3,"column":84}},"loc":{"start":{"line":3,"column":154},"end":{"line":7,"column":1}}}},"branchMap":{},"s":{"0":1,"1":1,"2":1,"3":6,"4":6,"5":6},"f":{"0":6},"b":{}}
,"/Users/danielkov/projects/react-ikonate/generated/File.tsx": {"path":"/Users/danielkov/projects/react-ikonate/generated/File.tsx","statementMap":{"0":{"start":{"line":1,"column":0},"end":{"line":1,"column":31}},"1":{"start":{"line":2,"column":0},"end":{"line":2,"column":66}},"2":{"start":{"line":3,"column":13},"end":{"line":7,"column":3}},"3":{"start":{"line":4,"column":16},"end":{"line":4,"column":48}},"4":{"start":{"line":5,"column":21},"end":{"line":5,"column":44}},"5":{"start":{"line":6,"column":2},"end":{"line":6,"column":449}}},"fnMap":{"0":{"name":"(anonymous_2)","decl":{"start":{"line":3,"column":83},"end":{"line":3,"column":84}},"loc":{"start":{"line":3,"column":154},"end":{"line":7,"column":1}}}},"branchMap":{},"s":{"0":1,"1":1,"2":1,"3":6,"4":6,"5":6},"f":{"0":6},"b":{}}
,"/Users/danielkov/projects/react-ikonate/generated/Film.tsx": {"path":"/Users/danielkov/projects/react-ikonate/generated/Film.tsx","statementMap":{"0":{"start":{"line":1,"column":0},"end":{"line":1,"column":31}},"1":{"start":{"line":2,"column":0},"end":{"line":2,"column":66}},"2":{"start":{"line":3,"column":13},"end":{"line":7,"column":3}},"3":{"start":{"line":4,"column":16},"end":{"line":4,"column":48}},"4":{"start":{"line":5,"column":21},"end":{"line":5,"column":44}},"5":{"start":{"line":6,"column":2},"end":{"line":6,"column":467}}},"fnMap":{"0":{"name":"(anonymous_2)","decl":{"start":{"line":3,"column":83},"end":{"line":3,"column":84}},"loc":{"start":{"line":3,"column":154},"end":{"line":7,"column":1}}}},"branchMap":{},"s":{"0":1,"1":1,"2":1,"3":6,"4":6,"5":6},"f":{"0":6},"b":{}}
,"/Users/danielkov/projects/react-ikonate/generated/Filter.tsx": {"path":"/Users/danielkov/projects/react-ikonate/generated/Filter.tsx","statementMap":{"0":{"start":{"line":1,"column":0},"end":{"line":1,"column":31}},"1":{"start":{"line":2,"column":0},"end":{"line":2,"column":66}},"2":{"start":{"line":3,"column":13},"end":{"line":7,"column":3}},"3":{"start":{"line":4,"column":16},"end":{"line":4,"column":48}},"4":{"start":{"line":5,"column":21},"end":{"line":5,"column":44}},"5":{"start":{"line":6,"column":2},"end":{"line":6,"column":418}}},"fnMap":{"0":{"name":"(anonymous_2)","decl":{"start":{"line":3,"column":85},"end":{"line":3,"column":86}},"loc":{"start":{"line":3,"column":156},"end":{"line":7,"column":1}}}},"branchMap":{},"s":{"0":1,"1":1,"2":1,"3":6,"4":6,"5":6},"f":{"0":6},"b":{}}
,"/Users/danielkov/projects/react-ikonate/generated/Flag.tsx": {"path":"/Users/danielkov/projects/react-ikonate/generated/Flag.tsx","statementMap":{"0":{"start":{"line":1,"column":0},"end":{"line":1,"column":31}},"1":{"start":{"line":2,"column":0},"end":{"line":2,"column":66}},"2":{"start":{"line":3,"column":13},"end":{"line":7,"column":3}},"3":{"start":{"line":4,"column":16},"end":{"line":4,"column":48}},"4":{"start":{"line":5,"column":21},"end":{"line":5,"column":44}},"5":{"start":{"line":6,"column":2},"end":{"line":6,"column":474}}},"fnMap":{"0":{"name":"(anonymous_2)","decl":{"start":{"line":3,"column":83},"end":{"line":3,"column":84}},"loc":{"start":{"line":3,"column":154},"end":{"line":7,"column":1}}}},"branchMap":{},"s":{"0":1,"1":1,"2":1,"3":6,"4":6,"5":6},"f":{"0":6},"b":{}}
[...]
ine":1,"column":27}},"1":{"start":{"line":2,"column":0},"end":{"line":2,"column":22}},"2":{"start":{"line":3,"column":0},"end":{"line":3,"column":24}},"3":{"start":{"line":4,"column":0},"end":{"line":4,"column":30}},"4":{"start":{"line":5,"column":0},"end":{"line":5,"column":28}},"5":{"start":{"line":6,"column":0},"end":{"line":6,"column":29}},"6":{"start":{"line":7,"column":0},"end":{"line":7,"column":25}},"7":{"start":{"line":8,"column":0},"end":{"line":8,"column":27}},"8":{"start":{"line":9,"column":0},"end":{"line":9,"column":28}},"9":{"start":{"line":10,"column":0},"end":{"line":10,"column":34}},"10":{"start":{"line":11,"column":0},"end":{"line":11,"column":31}},"11":{"start":{"line":12,"column":0},"end":{"line":12,"column":28}},"12":{"start":{"line":13,"column":0},"end":{"line":13,"column":35}},"13":{"start":{"line":14,"column":0},"end":{"line":14,"column":32}},"14":{"start":{"line":15,"column":0},"end":{"line":15,"column":29}},"15":{"start":{"line":16,"column":0},"end":{"line":16,"column":26}},"16":{"start":{"line":17,"column":0},"end":{"line":17,"column":26}},"17":{"start":{"line":18,"column":0},"end":{"line":18,"column":27}},"18":{"start":{"line":19,"column":0},"end":{"line":19,"column":28}},"19":{"start":{"line":20,"column":0},"end":{"line":20,"column":23}},"20":{"start":{"line":21,"column":0},"end":{"line":21,"column":22}},"21":{"start":{"line":22,"column":0},"end":{"line":22,"column":25}},"22":{"start":{"line":23,"column":0},"end":{"line":23,"column":29}},"23":{"start":{"line":24,"column":0},"end":{"line":24,"column":34}},"24":{"start":{"line":25,"column":0},"end":{"line":25,"column":30}},"25":{"start":{"line":26,"column":0},"end":{"line":26,"column":29}},"26":{"start":{"line":27,"column":0},"end":{"line":27,"column":32}},"27":{"start":{"line":28,"column":0},"end":{"line":28,"column":26}},"28":{"start":{"line":29,"column":0},"end":{"line":29,"column":23}},"29":{"start":{"line":30,"column":0},"end":{"line":30,"column":22}},"30":{"start":{"line":31,"column":0},"end":{"line":31,"column":28}},"31":{"start":{"line":32,"column":0},"end":{"line":32,"column":23}},"32":{"start":{"line":33,"column":0},"end":{"line":33,"column":29}},"33":{"start":{"line":34,"column":0},"end":{"line":34,"column":23}},"34":{"start":{"line":35,"column":0},"end":{"line":35,"column":27}},"35":{"start":{"line":36,"column":0},"end":{"line":36,"column":22}},"36":{"start":{"line":37,"column":0},"end":{"line":37,"column":22}},"37":{"start":{"line":38,"column":0},"end":{"line":38,"column":27}},"38":{"start":{"line":39,"column":0},"end":{"line":39,"column":29}},"39":{"start":{"line":40,"column":0},"end":{"line":40,"column":25}},"40":{"start":{"line":41,"column":0},"end":{"line":41,"column":25}},"41":{"start":{"line":42,"column":0},"end":{"line":42,"column":24}},"42":{"start":{"line":43,"column":0},"end":{"line":43,"column":23}},"43":{"start":{"line":44,"column":0},"end":{"line":44,"column":26}},"44":{"start":{"line":45,"column":0},"end":{"line":45,"column":24}},"45":{"start":{"line":46,"column":0},"end":{"line":46,"column":26}},"46":{"start":{"line":47,"column":0},"end":{"line":47,"column":23}},"47":{"start":{"line":48,"column":0},"end":{"line":48,"column":30}},"48":{"start":{"line":49,"column":0},"end":{"line":49,"column":30}},"49":{"start":{"line":50,"column":0},"end":{"line":50,"column":31}},"50":{"start":{"line":51,"column":0},"end":{"line":51,"column":28}},"51":{"start":{"line":52,"column":0},"end":{"line":52,"column":31}},"52":{"start":{"line":53,"column":0},"end":{"line":53,"column":31}},"53":{"start":{"line":54,"column":0},"end":{"line":54,"column":32}},"54":{"start":{"line":55,"column":0},"end":{"line":55,"column":29}},"55":{"start":{"line":56,"column":0},"end":{"line":56,"column":34}},"56":{"start":{"line":57,"column":0},"end":{"line":57,"column":34}},"57":{"start":{"line":58,"column":0},"end":{"line":58,"column":35}},"58":{"start":{"line":59,"column":0},"end":{"line":59,"column":32}},"59":{"start":{"line":60,"column":0},"end":{"line":60,"column":27}},"60":{"start":{"line":61,"column":0},"end":{"line":61,"column":25}},"61":{"start":{"line":62,"column":0},"end":{"line":62,"column":28}},"62":{"start":{"line":63,"column":0},"end":{"line":63,"column":24}},"63":{"start":{"line":64,"column":0},"end":{"line":64,"column":30}},"64":{"start":{"line":65,"column":0},"end":{"line":65,"column":24}},"65":{"start":{"line":66,"column":0},"end":{"line":66,"column":26}},"66":{"start":{"line":67,"column":0},"end":{"line":67,"column":30}},"67":{"start":{"line":68,"column":0},"end":{"line":68,"column":27}},"68":{"start":{"line":69,"column":0},"end":{"line":69,"column":23}},"69":{"start":{"line":70,"column":0},"end":{"line":70,"column":29}},"70":{"start":{"line":71,"column":0},"end":{"line":71,"column":23}},"71":{"start":{"line":72,"column":0},"end":{"line":72,"column":27}},"72":{"start":{"line":73,"column":0},"end":{"line":73,"column":22}},"73":{"start":{"line":74,"column":0},"end":{"line":74,"column":25}},"74":{"start":{"line":75,"column":0},"end":{"line":75,"column":22}},"75":{"start":{"line":76,"column":0},"end":{"line":76,"column":25}},"76":{"start":{"line":77,"column":0},"end":{"line":77,"column":28}},"77":{"start":{"line":78,"column":0},"end":{"line":78,"column":25}},"78":{"start":{"line":79,"column":0},"end":{"line":79,"column":32}},"79":{"start":{"line":80,"column":0},"end":{"line":80,"column":33}},"80":{"start":{"line":81,"column":0},"end":{"line":81,"column":23}},"81":{"start":{"line":82,"column":0},"end":{"line":82,"column":24}},"82":{"start":{"line":83,"column":0},"end":{"line":83,"column":27}},"83":{"start":{"line":84,"column":0},"end":{"line":84,"column":23}},"84":{"start":{"line":85,"column":0},"end":{"line":85,"column":23}},"85":{"start":{"line":86,"column":0},"end":{"line":86,"column":35}},"86":{"start":{"line":87,"column":0},"end":{"line":87,"column":27}},"87":{"start":{"line":88,"column":0},"end":{"line":88,"column":27}},"88":{"start":{"line":89,"column":0},"end":{"line":89,"column":30}},"89":{"start":{"line":90,"column":0},"end":{"line":90,"column":27}},"90":{"start":{"line":91,"column":0},"end":{"line":91,"column":24}},"91":{"start":{"line":92,"column":0},"end":{"line":92,"column":23}},"92":{"start":{"line":93,"column":0},"end":{"line":93,"column":26}},"93":{"start":{"line":94,"column":0},"end":{"line":94,"column":28}},"94":{"start":{"line":95,"column":0},"end":{"line":95,"column":23}},"95":{"start":{"line":96,"column":0},"end":{"line":96,"column":23}},"96":{"start":{"line":97,"column":0},"end":{"line":97,"column":23}},"97":{"start":{"line":98,"column":0},"end":{"line":98,"column":25}},"98":{"start":{"line":99,"column":0},"end":{"line":99,"column":23}},"99":{"start":{"line":100,"column":0},"end":{"line":100,"column":25}},"100":{"start":{"line":101,"column":0},"end":{"line":101,"column":26}},"101":{"start":{"line":102,"column":0},"end":{"line":102,"column":26}},"102":{"start":{"line":103,"column":0},"end":{"line":103,"column":28}},"103":{"start":{"line":104,"column":0},"end":{"line":104,"column":23}},"104":{"start":{"line":105,"column":0},"end":{"line":105,"column":28}},"105":{"start":{"line":106,"column":0},"end":{"line":106,"column":28}},"106":{"start":{"line":107,"column":0},"end":{"line":107,"column":23}},"107":{"start":{"line":108,"column":0},"end":{"line":108,"column":22}},"108":{"start":{"line":109,"column":0},"end":{"line":109,"column":29}},"109":{"start":{"line":110,"column":0},"end":{"line":110,"column":23}},"110":{"start":{"line":111,"column":0},"end":{"line":111,"column":26}},"111":{"start":{"line":112,"column":0},"end":{"line":112,"column":26}},"112":{"start":{"line":113,"column":0},"end":{"line":113,"column":23}},"113":{"start":{"line":114,"column":0},"end":{"line":114,"column":23}},"114":{"start":{"line":115,"column":0},"end":{"line":115,"column":28}},"115":{"start":{"line":116,"column":0},"end":{"line":116,"column":24}},"116":{"start":{"line":117,"column":0},"end":{"line":117,"column":24}},"117":{"start":{"line":118,"column":0},"end":{"line":118,"column":23}},"118":{"start":{"line":119,"column":0},"end":{"line":119,"column":25}},"119":{"start":{"line":120,"column":0},"end":{"line":120,"column":26}},"120":{"start":{"line":121,"column":0},"end":{"line":121,"column":22}},"121":{"start":{"line":122,"column":0},"end":{"line":122,"column":27}},"122":{"start":{"line":123,"column":0},"end":{"line":123,"column":25}},"123":{"start":{"line":124,"column":0},"end":{"line":124,"column":29}},"124":{"start":{"line":125,"column":0},"end":{"line":125,"column":30}},"125":{"start":{"line":126,"column":0},"end":{"line":126,"column":28}},"126":{"start":{"line":127,"column":0},"end":{"line":127,"column":28}},"127":{"start":{"line":128,"column":0},"end":{"line":128,"column":23}},"128":{"start":{"line":129,"column":0},"end":{"line":129,"column":26}},"129":{"start":{"line":130,"column":0},"end":{"line":130,"column":23}},"130":{"start":{"line":131,"column":0},"end":{"line":131,"column":27}},"131":{"start":{"line":132,"column":0},"end":{"line":132,"column":30}},"132":{"start":{"line":133,"column":0},"end":{"line":133,"column":26}},"133":{"start":{"line":134,"column":0},"end":{"line":134,"column":27}},"134":{"start":{"line":135,"column":0},"end":{"line":135,"column":23}},"135":{"start":{"line":136,"column":0},"end":{"line":136,"column":22}},"136":{"start":{"line":137,"column":0},"end":{"line":137,"column":27}},"137":{"start":{"line":138,"column":0},"end":{"line":138,"column":29}},"138":{"start":{"line":139,"column":0},"end":{"line":139,"column":27}},"139":{"start":{"line":140,"column":0},"end":{"line":140,"column":24}},"140":{"start":{"line":141,"column":0},"end":{"line":141,"column":23}},"141":{"start":{"line":142,"column":0},"end":{"line":142,"column":24}},"142":{"start":{"line":143,"column":0},"end":{"line":143,"column":23}},"143":{"start":{"line":144,"column":0},"end":{"line":144,"column":30}},"144":{"start":{"line":145,"column":0},"end":{"line":145,"column":22}},"145":{"start":{"line":146,"column":0},"end":{"line":146,"column":23}},"146":{"start":{"line":147,"column":0},"end":{"line":147,"column":23}},"147":{"start":{"line":148,"column":0},"end":{"line":148,"column":26}},"148":{"start":{"line":149,"column":0},"end":{"line":149,"column":29}},"149":{"start":{"line":150,"column":0},"end":{"line":150,"column":27}},"150":{"start":{"line":151,"column":0},"end":{"line":151,"column":26}},"151":{"start":{"line":152,"column":0},"end":{"line":152,"column":24}},"152":{"start":{"line":153,"column":0},"end":{"line":153,"column":21}},"153":{"start":{"line":154,"column":0},"end":{"line":154,"column":22}},"154":{"start":{"line":155,"column":0},"end":{"line":155,"column":28}},"155":{"start":{"line":156,"column":0},"end":{"line":156,"column":24}},"156":{"start":{"line":157,"column":0},"end":{"line":157,"column":25}},"157":{"start":{"line":158,"column":0},"end":{"line":158,"column":25}},"158":{"start":{"line":159,"column":0},"end":{"line":159,"column":24}},"159":{"start":{"line":160,"column":0},"end":{"line":160,"column":30}},"160":{"start":{"line":161,"column":0},"end":{"line":161,"column":23}},"161":{"start":{"line":162,"column":0},"end":{"line":162,"column":23}},"162":{"start":{"line":163,"column":0},"end":{"line":163,"column":24}},"163":{"start":{"line":164,"column":0},"end":{"line":164,"column":27}},"164":{"start":{"line":165,"column":0},"end":{"line":165,"column":24}},"165":{"start":{"line":166,"column":0},"end":{"line":166,"column":24}},"166":{"start":{"line":167,"column":0},"end":{"line":167,"column":23}},"167":{"start":{"line":168,"column":0},"end":{"line":168,"column":28}},"168":{"start":{"line":169,"column":0},"end":{"line":169,"column":23}},"169":{"start":{"line":170,"column":0},"end":{"line":170,"column":26}},"170":{"start":{"line":171,"column":0},"end":{"line":171,"column":25}},"171":{"start":{"line":172,"column":0},"end":{"line":172,"column":25}},"172":{"start":{"line":173,"column":0},"end":{"line":173,"column":29}},"173":{"start":{"line":174,"column":0},"end":{"line":174,"column":25}},"174":{"start":{"line":175,"column":0},"end":{"line":175,"column":25}},"175":{"start":{"line":176,"column":0},"end":{"line":176,"column":22}},"176":{"start":{"line":177,"column":0},"end":{"line":177,"column":26}},"177":{"start":{"line":178,"column":0},"end":{"line":178,"column":23}},"178":{"start":{"line":179,"column":0},"end":{"line":179,"column":25}},"179":{"start":{"line":180,"column":0},"end":{"line":180,"column":23}},"180":{"start":{"line":181,"column":0},"end":{"line":181,"column":27}},"181":{"start":{"line":182,"column":0},"end":{"line":182,"column":31}},"182":{"start":{"line":183,"column":0},"end":{"line":183,"column":27}},"183":{"start":{"line":184,"column":0},"end":{"line":184,"column":25}},"184":{"start":{"line":185,"column":0},"end":{"line":185,"column":24}},"185":{"start":{"line":186,"column":0},"end":{"line":186,"column":26}},"186":{"start":{"line":187,"column":0},"end":{"line":187,"column":28}},"187":{"start":{"line":188,"column":0},"end":{"line":188,"column":25}},"188":{"start":{"line":189,"column":0},"end":{"line":189,"column":29}},"189":{"start":{"line":190,"column":0},"end":{"line":190,"column":23}},"190":{"start":{"line":191,"column":0},"end":{"line":191,"column":26}},"191":{"start":{"line":192,"column":0},"end":{"line":192,"column":23}},"192":{"start":{"line":193,"column":0},"end":{"line":193,"column":24}},"193":{"start":{"line":194,"column":0},"end":{"line":194,"column":23}},"194":{"start":{"line":195,"column":0},"end":{"line":195,"column":27}},"195":{"start":{"line":196,"column":0},"end":{"line":196,"column":24}},"196":{"start":{"line":197,"column":0},"end":{"line":197,"column":26}},"197":{"start":{"line":198,"column":0},"end":{"line":198,"column":23}},"198":{"start":{"line":199,"column":0},"end":{"line":199,"column":28}},"199":{"start":{"line":200,"column":0},"end":{"line":200,"column":30}},"200":{"start":{"line":201,"column":0},"end":{"line":201,"column":27}},"201":{"start":{"line":202,"column":0},"end":{"line":202,"column":27}},"202":{"start":{"line":203,"column":0},"end":{"line":203,"column":22}},"203":{"start":{"line":204,"column":0},"end":{"line":204,"column":25}},"204":{"start":{"line":205,"column":0},"end":{"line":205,"column":26}},"205":{"start":{"line":206,"column":0},"end":{"line":206,"column":25}},"206":{"start":{"line":207,"column":0},"end":{"line":207,"column":22}},"207":{"start":{"line":208,"column":0},"end":{"line":208,"column":30}},"208":{"start":{"line":209,"column":0},"end":{"line":209,"column":28}},"209":{"start":{"line":210,"column":0},"end":{"line":210,"column":26}},"210":{"start":{"line":211,"column":0},"end":{"line":211,"column":26}},"211":{"start":{"line":212,"column":0},"end":{"line":212,"column":23}},"212":{"start":{"line":213,"column":0},"end":{"line":213,"column":24}},"213":{"start":{"line":214,"column":0},"end":{"line":214,"column":23}},"214":{"start":{"line":215,"column":0},"end":{"line":215,"column":31}},"215":{"start":{"line":216,"column":0},"end":{"line":216,"column":29}},"216":{"start":{"line":217,"column":0},"end":{"line":217,"column":27}},"217":{"start":{"line":218,"column":0},"end":{"line":218,"column":28}},"218":{"start":{"line":219,"column":0},"end":{"line":219,"column":21}},"219":{"start":{"line":220,"column":0},"end":{"line":220,"column":27}},"220":{"start":{"line":221,"column":0},"end":{"line":221,"column":23}},"221":{"start":{"line":222,"column":0},"end":{"line":222,"column":25}},"222":{"start":{"line":223,"column":0},"end":{"line":223,"column":23}},"223":{"start":{"line":224,"column":0},"end":{"line":224,"column":27}},"224":{"start":{"line":225,"column":0},"end":{"line":225,"column":24}},"225":{"start":{"line":226,"column":0},"end":{"line":226,"column":28}},"226":{"start":{"line":227,"column":0},"end":{"line":227,"column":29}},"227":{"start":{"line":228,"column":0},"end":{"line":228,"column":28}},"228":{"start":{"line":229,"column":0},"end":{"line":229,"column":30}},"229":{"start":{"line":230,"column":0},"end":{"line":230,"column":24}},"230":{"start":{"line":231,"column":0},"end":{"line":231,"column":23}},"231":{"start":{"line":232,"column":0},"end":{"line":232,"column":25}},"232":{"start":{"line":233,"column":0},"end":{"line":233,"column":25}},"233":{"start":{"line":234,"column":0},"end":{"line":234,"column":26}}},"fnMap":{},"branchMap":{},"s":{"0":1,"1":1,"2":1,"3":1,"4":1,"5":1,"6":1,"7":1,"8":1,"9":1,"10":1,"11":1,"12":1,"13":1,"14":1,"15":1,"16":1,"17":1,"18":1,"19":1,"20":1,"21":1,"22":1,"23":1,"24":1,"25":1,"26":1,"27":1,"28":1,"29":1,"30":1,"31":1,"32":1,"33":1,"34":1,"35":1,"36":1,"37":1,"38":1,"39":1,"40":1,"41":1,"42":1,"43":1,"44":1,"45":1,"46":1,"47":1,"48":1,"49":1,"50":1,"51":1,"52":1,"53":1,"54":1,"55":1,"56":1,"57":1,"58":1,"59":1,"60":1,"61":1,"62":1,"63":1,"64":1,"65":1,"66":1,"67":1,"68":1,"69":1,"70":1,"71":1,"72":1,"73":1,"74":1,"75":1,"76":1,"77":1,"78":1,"79":1,"80":1,"81":1,"82":1,"83":1,"84":1,"85":1,"86":1,"87":1,"88":1,"89":1,"90":1,"91":1,"92":1,"93":1,"94":1,"95":1,"96":1,"97":1,"98":1,"99":1,"100":1,"101":1,"102":1,"103":1,"104":1,"105":1,"106":1,"107":1,"108":1,"109":1,"110":1,"111":1,"112":1,"113":1,"114":1,"115":1,"116":1,"117":1,"118":1,"119":1,"120":1,"121":1,"122":1,"123":1,"124":1,"125":1,"126":1,"127":1,"128":1,"129":1,"130":1,"131":1,"132":1,"133":1,"134":1,"135":1,"136":1,"137":1,"138":1,"139":1,"140":1,"141":1,"142":1,"143":1,"144":1,"145":1,"146":1,"147":1,"148":1,"149":1,"150":1,"151":1,"152":1,"153":1,"154":1,"155":1,"156":1,"157":1,"158":1,"159":1,"160":1,"161":1,"162":1,"163":1,"164":1,"165":1,"166":1,"167":1,"168":1,"169":1,"170":1,"171":1,"172":1,"173":1,"174":1,"175":1,"176":1,"177":1,"178":1,"179":1,"180":1,"181":1,"182":1,"183":1,"184":1,"185":1,"186":1,"187":1,"188":1,"189":1,"190":1,"191":1,"192":1,"193":1,"194":1,"195":1,"196":1,"197":1,"198":1,"199":1,"200":1,"201":1,"202":1,"203":1,"204":1,"205":1,"206":1,"207":1,"208":1,"209":1,"210":1,"211":1,"212":1,"213":1,"214":1,"215":1,"216":1,"217":1,"218":1,"219":1,"220":1,"221":1,"222":1,"223":1,"224":1,"225":1,"226":1,"227":1,"228":1,"229":1,"230":1,"231":1,"232":1,"233":1},"f":{},"b":{}}
,"/Users/danielkov/projects/react-ikonate/src/context.ts": {"path":"/Users/danielkov/projects/react-ikonate/src/context.ts","statementMap":{"0":{"start":{"line":1,"column":0},"end":{"line":1,"column":48}},"1":{"start":{"line":10,"column":13},"end":{"line":10,"column":68}},"2":{"start":{"line":31,"column":13},"end":{"line":39,"column":null}},"3":{"start":{"line":31,"column":55},"end":{"line":31,"column":71}},"4":{"start":{"line":31,"column":73},"end":{"line":31,"column":77}},"5":{"start":{"line":31,"column":79},"end":{"line":31,"column":89}},"6":{"start":{"line":31,"column":91},"end":{"line":31,"column":96}},"7":{"start":{"line":32,"column":22},"end":{"line":32,"column":38}},"8":{"start":{"line":33,"column":4},"end":{"line":37,"column":null}}},"fnMap":{"0":{"name":"(anonymous_2)","decl":{"start":{"line":31,"column":52},"end":{"line":31,"column":53}},"loc":{"start":{"line":31,"column":98},"end":{"line":39,"column":1}}}},"branchMap":{"0":{"loc":{"start":{"line":31,"column":55},"end":{"line":31,"column":71}},"type":"cond-expr","locations":[{"start":{"line":31,"column":55},"end":{"line":31,"column":71}},{"start":{"line":31,"column":55},"end":{"line":31,"column":71}}]},"1":{"loc":{"start":{"line":31,"column":79},"end":{"line":31,"column":89}},"type":"cond-expr","locations":[{"start":{"line":31,"column":79},"end":{"line":31,"column":89}},{"start":{"line":31,"column":79},"end":{"line":31,"column":89}}]}},"s":{"0":1,"1":1,"2":1,"3":2808,"4":1404,"5":2808,"6":1404,"7":1404,"8":1404},"f":{"0":1404},"b":{"0":[936,468],"1":[936,468]}}
,"/Users/danielkov/projects/react-ikonate/src/index.ts": {"path":"/Users/danielkov/projects/react-ikonate/src/index.ts","statementMap":{"0":{"start":{"line":1,"column":0},"end":{"line":1,"column":29}},"1":{"start":{"line":2,"column":0},"end":{"line":2,"column":9}},"2":{"start":{"line":2,"column":9},"end":{"line":2,"column":43}}},"fnMap":{},"branchMap":{},"s":{"0":1,"1":1,"2":1},"f":{},"b":{}}
}
